#
# There is insufficient memory for the Java Runtime Environment to continue.
# Native memory allocation (malloc) failed to allocate 1048576 bytes. Error detail: AllocateHeap
# Possible reasons:
#   The system is out of physical RAM or swap space
#   This process is running with CompressedOops enabled, and the Java Heap may be blocking the growth of the native heap
# Possible solutions:
#   Reduce memory load on the system
#   Increase physical memory or swap space
#   Check if swap backing store is full
#   Decrease Java heap size (-Xmx/-Xms)
#   Decrease number of Java threads
#   Decrease Java thread stack sizes (-Xss)
#   Set larger code cache with -XX:ReservedCodeCacheSize=
#   JVM is running with Unscaled Compressed Oops mode in which the Java heap is
#     placed in the first 4GB address space. The Java Heap base address is the
#     maximum limit for the native heap growth. Please use -XX:HeapBaseMinAddress
#     to set the Java Heap base and to place the Java Heap above 4GB virtual address.
# This output file may be truncated or incomplete.
#
#  Out of Memory Error (allocation.cpp:44), pid=6216, tid=50064
#
# JRE version: OpenJDK Runtime Environment Temurin-21.0.10+7 (21.0.10+7) (build 21.0.10+7-LTS)
# Java VM: OpenJDK 64-Bit Server VM Temurin-21.0.10+7 (21.0.10+7-LTS, mixed mode, sharing, tiered, compressed oops, compressed class ptrs, parallel gc, windows-amd64)
# No core dump will be written. Minidumps are not enabled by default on client versions of Windows
#

---------------  S U M M A R Y ------------

Command Line: --add-modules=ALL-SYSTEM --add-opens=java.base/java.util=ALL-UNNAMED --add-opens=java.base/java.lang=ALL-UNNAMED --add-opens=java.base/sun.nio.fs=ALL-UNNAMED -Declipse.application=org.eclipse.jdt.ls.core.id1 -Dosgi.bundles.defaultStartLevel=4 -Declipse.product=org.eclipse.jdt.ls.core.product -Djava.import.generatesMetadataFilesAtProjectRoot=false -DDetectVMInstallationsJob.disabled=true -Dfile.encoding=utf8 -XX:+UseParallelGC -XX:GCTimeRatio=4 -XX:AdaptiveSizePolicyWeight=90 -Dsun.zip.disableMemoryMapping=true -Xmx2G -Xms100m -Xlog:disable -javaagent:c:\Users\hieuh\.vscode\extensions\redhat.java-1.53.0-win32-x64\lombok\lombok-1.18.39-4050.jar -XX:+HeapDumpOnOutOfMemoryError -XX:HeapDumpPath=c:\Users\hieuh\AppData\Roaming\Code\User\workspaceStorage\5dee26095b770e99aaa785284564fef4\redhat.java -Daether.dependencyCollector.impl=bf c:\Users\hieuh\.vscode\extensions\redhat.java-1.53.0-win32-x64\server\plugins\org.eclipse.equinox.launcher_1.7.100.v20251111-0406.jar -configuration c:\Users\hieuh\AppData\Roaming\Code\User\globalStorage\redhat.java\1.53.0\config_win -data c:\Users\hieuh\AppData\Roaming\Code\User\workspaceStorage\5dee26095b770e99aaa785284564fef4\redhat.java\jdt_ws --pipe=\\.\pipe\lsp-5fcab113d6bc4b8ea5bde6eb7e9aa0b7-sock

Host: AMD Ryzen 9 4900HS with Radeon Graphics         , 16 cores, 15G,  Windows 11 , 64 bit Build 26100 (10.0.26100.7705)
Time: Thu Mar  5 18:35:47 2026 SE Asia Standard Time elapsed time: 13031.859778 seconds (0d 3h 37m 11s)

---------------  T H R E A D  ---------------

Current thread (0x0000026124227a90):  JavaThread "Attach Listener" daemon [_thread_in_vm, id=50064, stack(0x00000068c3d00000,0x00000068c3e00000) (1024K)]

Stack: [0x00000068c3d00000,0x00000068c3e00000]
Native frames: (J=compiled Java code, j=interpreted, Vv=VM code, C=native code)
V  [jvm.dll+0x6d7a39]
V  [jvm.dll+0x8b4b26]
V  [jvm.dll+0x8b70de]
V  [jvm.dll+0x8b77c3]
V  [jvm.dll+0x284346]
V  [jvm.dll+0xc1277]
V  [jvm.dll+0x6d82e9]
V  [jvm.dll+0x1334a6]
V  [jvm.dll+0x3f857e]
V  [jvm.dll+0x85f59d]
V  [jvm.dll+0x6d626d]
C  [ucrtbase.dll+0x37b0]
C  [KERNEL32.DLL+0x2e8d7]
C  [ntdll.dll+0x8c40c]


---------------  P R O C E S S  ---------------

Threads class SMR info:
_java_thread_list=0x0000026110fb1e30, length=43, elements={
0x0000026121e862a0, 0x000002612433e2f0, 0x000002612421de90, 0x0000026124225410,
0x0000026124227a90, 0x000002612422ae50, 0x000002612422e1f0, 0x000002617d07dee0,
0x000002617d08c060, 0x000002617d2d63e0, 0x000002617e99a3a0, 0x000002617f12cad0,
0x000002617e9f95a0, 0x000002617d2afa60, 0x000002617d2b8600, 0x000002617f026ac0,
0x000002617eea7430, 0x000002617ea76e80, 0x0000026104d0e9f0, 0x0000026104d0cfb0,
0x0000026104d0dcd0, 0x000002610774fc70, 0x0000026107750990, 0x00000261077523d0,
0x0000026107751d40, 0x0000026107751020, 0x0000026107752a60, 0x000002610774f5e0,
0x00000261077551c0, 0x0000026107754b30, 0x0000026107753780, 0x0000026107753e10,
0x00000261077544a0, 0x0000026107755850, 0x0000026107755ee0, 0x0000026107756570,
0x00000261077530f0, 0x0000026107756c00, 0x00000261059b3ed0, 0x00000261059b4bf0,
0x00000261059b5280, 0x00000261059b6630, 0x000002610434f010
}

Java Threads: ( => current thread )
  0x0000026121e862a0 JavaThread "main"                              [_thread_blocked, id=48048, stack(0x00000068c3600000,0x00000068c3700000) (1024K)]
  0x000002612433e2f0 JavaThread "Reference Handler"          daemon [_thread_blocked, id=46140, stack(0x00000068c3a00000,0x00000068c3b00000) (1024K)]
  0x000002612421de90 JavaThread "Finalizer"                  daemon [_thread_blocked, id=50092, stack(0x00000068c3b00000,0x00000068c3c00000) (1024K)]
  0x0000026124225410 JavaThread "Signal Dispatcher"          daemon [_thread_blocked, id=28288, stack(0x00000068c3c00000,0x00000068c3d00000) (1024K)]
=>0x0000026124227a90 JavaThread "Attach Listener"            daemon [_thread_in_vm, id=50064, stack(0x00000068c3d00000,0x00000068c3e00000) (1024K)]
  0x000002612422ae50 JavaThread "Service Thread"             daemon [_thread_blocked, id=45856, stack(0x00000068c3e00000,0x00000068c3f00000) (1024K)]
  0x000002612422e1f0 JavaThread "Monitor Deflation Thread"   daemon [_thread_blocked, id=49992, stack(0x00000068c3f00000,0x00000068c4000000) (1024K)]
  0x000002617d07dee0 JavaThread "C2 CompilerThread0"         daemon [_thread_blocked, id=49392, stack(0x00000068c4000000,0x00000068c4100000) (1024K)]
  0x000002617d08c060 JavaThread "C1 CompilerThread0"         daemon [_thread_blocked, id=49904, stack(0x00000068c4100000,0x00000068c4200000) (1024K)]
  0x000002617d2d63e0 JavaThread "Common-Cleaner"             daemon [_thread_blocked, id=27896, stack(0x00000068c4500000,0x00000068c4600000) (1024K)]
  0x000002617e99a3a0 JavaThread "Notification Thread"        daemon [_thread_blocked, id=44648, stack(0x00000068c4700000,0x00000068c4800000) (1024K)]
  0x000002617f12cad0 JavaThread "Active Thread: Equinox Container: 8ded3f40-9c6d-45fe-bdc4-8706c9ac330b"        [_thread_blocked, id=43192, stack(0x00000068c4f00000,0x00000068c5000000) (1024K)]
  0x000002617e9f95a0 JavaThread "Refresh Thread: Equinox Container: 8ded3f40-9c6d-45fe-bdc4-8706c9ac330b" daemon [_thread_blocked, id=16260, stack(0x00000068c4400000,0x00000068c4500000) (1024K)]
  0x000002617d2afa60 JavaThread "Framework Event Dispatcher: Equinox Container: 8ded3f40-9c6d-45fe-bdc4-8706c9ac330b" daemon [_thread_blocked, id=50860, stack(0x00000068c4800000,0x00000068c4900000) (1024K)]
  0x000002617d2b8600 JavaThread "Start Level: Equinox Container: 8ded3f40-9c6d-45fe-bdc4-8706c9ac330b" daemon [_thread_blocked, id=41912, stack(0x00000068c4300000,0x00000068c4400000) (1024K)]
  0x000002617f026ac0 JavaThread "Bundle File Closer"         daemon [_thread_blocked, id=28448, stack(0x00000068c5300000,0x00000068c5400000) (1024K)]
  0x000002617eea7430 JavaThread "SCR Component Actor"        daemon [_thread_blocked, id=48240, stack(0x00000068c5200000,0x00000068c5300000) (1024K)]
  0x000002617ea76e80 JavaThread "Worker-JM"                         [_thread_blocked, id=45340, stack(0x00000068c5900000,0x00000068c5a00000) (1024K)]
  0x0000026104d0e9f0 JavaThread "JNA Cleaner"                daemon [_thread_blocked, id=36604, stack(0x00000068c5400000,0x00000068c5500000) (1024K)]
  0x0000026104d0cfb0 JavaThread "Worker-2"                          [_thread_blocked, id=47324, stack(0x00000068c5d00000,0x00000068c5e00000) (1024K)]
  0x0000026104d0dcd0 JavaThread "Java indexing"              daemon [_thread_blocked, id=46732, stack(0x00000068c6200000,0x00000068c6300000) (1024K)]
  0x000002610774fc70 JavaThread "Worker-5"                          [_thread_blocked, id=44800, stack(0x00000068c6700000,0x00000068c6800000) (1024K)]
  0x0000026107750990 JavaThread "Thread-1"                   daemon [_thread_in_native, id=46564, stack(0x00000068c6900000,0x00000068c6a00000) (1024K)]
  0x00000261077523d0 JavaThread "Thread-2"                   daemon [_thread_in_native, id=33216, stack(0x00000068c6a00000,0x00000068c6b00000) (1024K)]
  0x0000026107751d40 JavaThread "Thread-3"                   daemon [_thread_in_native, id=50856, stack(0x00000068c6b00000,0x00000068c6c00000) (1024K)]
  0x0000026107751020 JavaThread "Thread-4"                   daemon [_thread_in_native, id=43796, stack(0x00000068c6c00000,0x00000068c6d00000) (1024K)]
  0x0000026107752a60 JavaThread "Thread-5"                   daemon [_thread_in_native, id=36132, stack(0x00000068c6d00000,0x00000068c6e00000) (1024K)]
  0x000002610774f5e0 JavaThread "Thread-6"                   daemon [_thread_in_native, id=48116, stack(0x00000068c6e00000,0x00000068c6f00000) (1024K)]
  0x00000261077551c0 JavaThread "Thread-7"                   daemon [_thread_in_native, id=46304, stack(0x00000068c6f00000,0x00000068c7000000) (1024K)]
  0x0000026107754b30 JavaThread "Thread-8"                   daemon [_thread_in_native, id=42032, stack(0x00000068c7000000,0x00000068c7100000) (1024K)]
  0x0000026107753780 JavaThread "Thread-9"                   daemon [_thread_in_native, id=42720, stack(0x00000068c7100000,0x00000068c7200000) (1024K)]
  0x0000026107753e10 JavaThread "Thread-10"                  daemon [_thread_in_native, id=48012, stack(0x00000068c7200000,0x00000068c7300000) (1024K)]
  0x00000261077544a0 JavaThread "Thread-11"                  daemon [_thread_in_native, id=36412, stack(0x00000068c7300000,0x00000068c7400000) (1024K)]
  0x0000026107755850 JavaThread "Thread-12"                  daemon [_thread_in_native, id=49872, stack(0x00000068c7400000,0x00000068c7500000) (1024K)]
  0x0000026107755ee0 JavaThread "Thread-13"                  daemon [_thread_in_native, id=47756, stack(0x00000068c7500000,0x00000068c7600000) (1024K)]
  0x0000026107756570 JavaThread "Thread-14"                  daemon [_thread_in_native, id=50948, stack(0x00000068c7600000,0x00000068c7700000) (1024K)]
  0x00000261077530f0 JavaThread "Thread-15"                  daemon [_thread_in_native, id=46652, stack(0x00000068c7700000,0x00000068c7800000) (1024K)]
  0x0000026107756c00 JavaThread "Thread-16"                  daemon [_thread_in_native, id=24256, stack(0x00000068c7800000,0x00000068c7900000) (1024K)]
  0x00000261059b3ed0 JavaThread "Thread-17"                  daemon [_thread_in_native, id=33300, stack(0x00000068c7900000,0x00000068c7a00000) (1024K)]
  0x00000261059b4bf0 JavaThread "pool-2-thread-1"                   [_thread_blocked, id=46160, stack(0x00000068c7a00000,0x00000068c7b00000) (1024K)]
  0x00000261059b5280 JavaThread "WorkspaceEventsHandler"            [_thread_blocked, id=50052, stack(0x00000068c7c00000,0x00000068c7d00000) (1024K)]
  0x00000261059b6630 JavaThread "pool-1-thread-1"                   [_thread_blocked, id=8704, stack(0x00000068c7d00000,0x00000068c7e00000) (1024K)]
  0x000002610434f010 JavaThread "Cleaner-0"                  daemon [_thread_blocked, id=49796, stack(0x00000068c8300000,0x00000068c8400000) (1024K)]
Total: 43

Other Threads:
  0x0000026124214890 VMThread "VM Thread"                           [id=51108, stack(0x00000068c3900000,0x00000068c3a00000) (1024K)]
  0x000002612410ca00 WatcherThread "VM Periodic Task Thread"        [id=16144, stack(0x00000068c3800000,0x00000068c3900000) (1024K)]
  0x00000261242a8c60 WorkerThread "GC Thread#0"                     [id=12480, stack(0x00000068c3700000,0x00000068c3800000) (1024K)]
  0x000002617effc940 WorkerThread "GC Thread#1"                     [id=43824, stack(0x00000068c4900000,0x00000068c4a00000) (1024K)]
  0x00000261040a8ee0 WorkerThread "GC Thread#2"                     [id=49680, stack(0x00000068c4a00000,0x00000068c4b00000) (1024K)]
  0x00000261040a9290 WorkerThread "GC Thread#3"                     [id=47200, stack(0x00000068c4b00000,0x00000068c4c00000) (1024K)]
  0x000002610409fcd0 WorkerThread "GC Thread#4"                     [id=46148, stack(0x00000068c4c00000,0x00000068c4d00000) (1024K)]
  0x00000261040a0080 WorkerThread "GC Thread#5"                     [id=46800, stack(0x00000068c4d00000,0x00000068c4e00000) (1024K)]
  0x000002617f121590 WorkerThread "GC Thread#6"                     [id=49876, stack(0x00000068c4e00000,0x00000068c4f00000) (1024K)]
  0x00000261042537a0 WorkerThread "GC Thread#7"                     [id=37372, stack(0x00000068c5000000,0x00000068c5100000) (1024K)]
  0x000002617eac1cd0 WorkerThread "GC Thread#8"                     [id=48884, stack(0x00000068c4200000,0x00000068c4300000) (1024K)]
  0x000002617d26e210 WorkerThread "GC Thread#9"                     [id=48256, stack(0x00000068c4600000,0x00000068c4700000) (1024K)]
  0x000002617ee600f0 WorkerThread "GC Thread#10"                    [id=16608, stack(0x00000068c5100000,0x00000068c5200000) (1024K)]
  0x00000261048fc6c0 WorkerThread "GC Thread#11"                    [id=31792, stack(0x00000068c5500000,0x00000068c5600000) (1024K)]
  0x00000261048fce20 WorkerThread "GC Thread#12"                    [id=42060, stack(0x00000068c5600000,0x00000068c5700000) (1024K)]
Total: 15

Threads with active compile tasks:
Total: 0

VM state: not at safepoint (normal execution)

VM Mutex/Monitor currently owned by a thread: None

Heap address: 0x0000000080000000, size: 2048 MB, Compressed Oops mode: 32-bit

CDS archive(s) mapped at: [0x000002613b000000-0x000002613bba0000-0x000002613bba0000), size 12189696, SharedBaseAddress: 0x000002613b000000, ArchiveRelocationMode: 1.
Compressed class space mapped at: 0x000002613c000000-0x000002617c000000, reserved size: 1073741824
Narrow klass base: 0x000002613b000000, Narrow klass shift: 0, Narrow klass range: 0x100000000

GC Precious Log:
 CardTable entry size: 512
 CPUs: 16 total, 16 available
 Memory: 15789M
 Large Page Support: Disabled
 NUMA Support: Disabled
 Compressed Oops: Enabled (32-bit)
 Alignments: Space 512K, Generation 512K, Heap 2M
 Heap Min Capacity: 100M
 Heap Initial Capacity: 100M
 Heap Max Capacity: 2G
 Pre-touch: Disabled
 Parallel Workers: 13

Heap:
 PSYoungGen      total 13312K, used 11679K [0x00000000d5580000, 0x00000000d6580000, 0x0000000100000000)
  eden space 12800K, 88% used [0x00000000d5580000,0x00000000d6097da8,0x00000000d6200000)
  from space 512K, 62% used [0x00000000d6200000,0x00000000d6250000,0x00000000d6280000)
  to   space 1536K, 0% used [0x00000000d6400000,0x00000000d6400000,0x00000000d6580000)
 ParOldGen       total 94720K, used 94626K [0x0000000080000000, 0x0000000085c80000, 0x00000000d5580000)
  object space 94720K, 99% used [0x0000000080000000,0x0000000085c68b60,0x0000000085c80000)
 Metaspace       used 75212K, committed 76864K, reserved 1179648K
  class space    used 7846K, committed 8576K, reserved 1048576K

Card table byte_map: [0x0000026123c20000,0x0000026124030000] _byte_map_base: 0x0000026123820000

Marking Bits: (ParMarkBitMap*) 0x00007fff1f283450
 Begin Bits: [0x0000026136730000, 0x0000026138730000)
 End Bits:   [0x0000026138730000, 0x000002613a730000)

Polling page: 0x0000026121e30000

Metaspace:

Usage:
  Non-class:     65.79 MB used.
      Class:      7.66 MB used.
       Both:     73.45 MB used.

Virtual space:
  Non-class space:      128.00 MB reserved,      66.69 MB ( 52%) committed,  2 nodes.
      Class space:        1.00 GB reserved,       8.38 MB ( <1%) committed,  1 nodes.
             Both:        1.12 GB reserved,      75.06 MB (  7%) committed. 

Chunk freelists:
   Non-Class:  13.22 MB
       Class:  7.59 MB
        Both:  20.81 MB

MaxMetaspaceSize: unlimited
CompressedClassSpaceSize: 1.00 GB
Initial GC threshold: 21.00 MB
Current GC threshold: 97.31 MB
CDS: on
 - commit_granule_bytes: 65536.
 - commit_granule_words: 8192.
 - virtual_space_node_default_size: 8388608.
 - enlarge_chunks_in_place: 1.
 - use_allocation_guard: 0.


Internal statistics:

num_allocs_failed_limit: 9.
num_arena_births: 1428.
num_arena_deaths: 18.
num_vsnodes_births: 3.
num_vsnodes_deaths: 0.
num_space_committed: 1201.
num_space_uncommitted: 0.
num_chunks_returned_to_freelist: 27.
num_chunks_taken_from_freelist: 4984.
num_chunk_merges: 15.
num_chunk_splits: 2973.
num_chunks_enlarged: 1543.
num_inconsistent_stats: 0.

CodeHeap 'non-profiled nmethods': size=119168Kb used=8605Kb max_used=8605Kb free=110562Kb
 bounds [0x000002612f020000, 0x000002612f890000, 0x0000026136480000]
CodeHeap 'profiled nmethods': size=119104Kb used=33443Kb max_used=33443Kb free=85660Kb
 bounds [0x0000026127480000, 0x0000026129530000, 0x000002612e8d0000]
CodeHeap 'non-nmethods': size=7488Kb used=1493Kb max_used=3287Kb free=5994Kb
 bounds [0x000002612e8d0000, 0x000002612ec40000, 0x000002612f020000]
CodeCache: size=245760Kb, used=43541Kb, max_used=45335Kb, free=202216Kb
 total_blobs=14801, nmethods=13992, adapters=713, full_count=0
Compilation: enabled, stopped_count=0, restarted_count=0

Compilation events (20 events):
Event: 11405.584 Thread 0x000002617d08c060 14932       3       java.lang.ref.ReferenceQueue::remove0 (64 bytes)
Event: 11405.585 Thread 0x000002617d08c060 nmethod 14932 0x0000026129525490 code [0x00000261295256a0, 0x0000026129525b20]
Event: 11459.363 Thread 0x000002617d08c060 14933       1       org.eclipse.osgi.internal.location.BasicLocation::isReadOnly (5 bytes)
Event: 11459.364 Thread 0x000002617d08c060 nmethod 14933 0x000002612f886990 code [0x000002612f886b20, 0x000002612f886bf0]
Event: 11511.973 Thread 0x000002617d08c060 14934       1       org.eclipse.core.internal.jobs.InternalJob::getPriority (5 bytes)
Event: 11511.973 Thread 0x000002617d08c060 nmethod 14934 0x000002612f886c90 code [0x000002612f886e20, 0x000002612f886ee8]
Event: 11645.604 Thread 0x000002617d08c060 14935       3       java.util.concurrent.locks.AbstractQueuedSynchronizer$ConditionObject::await (202 bytes)
Event: 11645.613 Thread 0x000002617d08c060 nmethod 14935 0x0000026129525c90 code [0x0000026129525fa0, 0x0000026129526e38]
Event: 11695.062 Thread 0x000002617d08c060 14936       3       java.lang.ref.ReferenceQueue::await (15 bytes)
Event: 11695.063 Thread 0x000002617d08c060 nmethod 14936 0x0000026129527490 code [0x0000026129527640, 0x00000261295277e0]
Event: 11815.097 Thread 0x000002617d08c060 14937       1       com.sun.jna.internal.Cleaner::access$200 (5 bytes)
Event: 11815.102 Thread 0x000002617d08c060 nmethod 14937 0x000002612f886f90 code [0x000002612f887120, 0x000002612f8871d0]
Event: 11817.337 Thread 0x000002617d08c060 14938       3       java.lang.ProcessHandleImpl::get (51 bytes)
Event: 11817.343 Thread 0x000002617d08c060 nmethod 14938 0x0000026129527910 code [0x0000026129527b20, 0x0000026129528128]
Event: 11817.343 Thread 0x000002617d08c060 14939       3       java.lang.ProcessHandleImpl::isAlive (44 bytes)
Event: 11817.343 Thread 0x000002617d08c060 nmethod 14939 0x0000026129528390 code [0x0000026129528540, 0x00000261295287a0]
Event: 12818.027 Thread 0x000002617d08c060 14940       3       java.util.concurrent.locks.AbstractQueuedSynchronizer$Node::clearStatus (12 bytes)
Event: 12818.029 Thread 0x000002617d08c060 nmethod 14940 0x0000026129528890 code [0x0000026129528a40, 0x0000026129528bf8]
Event: 12836.731 Thread 0x000002617d07dee0 14941       4       jdk.internal.misc.Unsafe::putIntOpaque (9 bytes)
Event: 12836.732 Thread 0x000002617d07dee0 nmethod 14941 0x000002612f887290 code [0x000002612f887420, 0x000002612f8874b8]

GC Heap History (20 events):
Event: 37.435 GC heap before
{Heap before GC invocations=55 (full 3):
 PSYoungGen      total 17408K, used 16064K [0x00000000d5580000, 0x00000000d6a00000, 0x0000000100000000)
  eden space 14336K, 100% used [0x00000000d5580000,0x00000000d6380000,0x00000000d6380000)
  from space 3072K, 56% used [0x00000000d6500000,0x00000000d66b0010,0x00000000d6800000)
  to   space 2048K, 0% used [0x00000000d6800000,0x00000000d6800000,0x00000000d6a00000)
 ParOldGen       total 79360K, used 78969K [0x0000000080000000, 0x0000000084d80000, 0x00000000d5580000)
  object space 79360K, 99% used [0x0000000080000000,0x0000000084d1e5f8,0x0000000084d80000)
 Metaspace       used 73380K, committed 74880K, reserved 1179648K
  class space    used 7661K, committed 8320K, reserved 1048576K
}
Event: 37.437 GC heap after
{Heap after GC invocations=55 (full 3):
 PSYoungGen      total 15360K, used 720K [0x00000000d5580000, 0x00000000d6900000, 0x0000000100000000)
  eden space 14336K, 0% used [0x00000000d5580000,0x00000000d5580000,0x00000000d6380000)
  from space 1024K, 70% used [0x00000000d6800000,0x00000000d68b4010,0x00000000d6900000)
  to   space 1536K, 0% used [0x00000000d6600000,0x00000000d6600000,0x00000000d6780000)
 ParOldGen       total 80896K, used 80523K [0x0000000080000000, 0x0000000084f00000, 0x00000000d5580000)
  object space 80896K, 99% used [0x0000000080000000,0x0000000084ea2cc8,0x0000000084f00000)
 Metaspace       used 73380K, committed 74880K, reserved 1179648K
  class space    used 7661K, committed 8320K, reserved 1048576K
}
Event: 37.549 GC heap before
{Heap before GC invocations=56 (full 3):
 PSYoungGen      total 15360K, used 15056K [0x00000000d5580000, 0x00000000d6900000, 0x0000000100000000)
  eden space 14336K, 100% used [0x00000000d5580000,0x00000000d6380000,0x00000000d6380000)
  from space 1024K, 70% used [0x00000000d6800000,0x00000000d68b4010,0x00000000d6900000)
  to   space 1536K, 0% used [0x00000000d6600000,0x00000000d6600000,0x00000000d6780000)
 ParOldGen       total 80896K, used 80523K [0x0000000080000000, 0x0000000084f00000, 0x00000000d5580000)
  object space 80896K, 99% used [0x0000000080000000,0x0000000084ea2cc8,0x0000000084f00000)
 Metaspace       used 74012K, committed 75584K, reserved 1179648K
  class space    used 7751K, committed 8448K, reserved 1048576K
}
Event: 37.551 GC heap after
{Heap after GC invocations=56 (full 3):
 PSYoungGen      total 15872K, used 1034K [0x00000000d5580000, 0x00000000d6880000, 0x0000000100000000)
  eden space 14336K, 0% used [0x00000000d5580000,0x00000000d5580000,0x00000000d6380000)
  from space 1536K, 67% used [0x00000000d6600000,0x00000000d6702bb8,0x00000000d6780000)
  to   space 1024K, 0% used [0x00000000d6780000,0x00000000d6780000,0x00000000d6880000)
 ParOldGen       total 80896K, used 80627K [0x0000000080000000, 0x0000000084f00000, 0x00000000d5580000)
  object space 80896K, 99% used [0x0000000080000000,0x0000000084ebccc8,0x0000000084f00000)
 Metaspace       used 74012K, committed 75584K, reserved 1179648K
  class space    used 7751K, committed 8448K, reserved 1048576K
}
Event: 37.636 GC heap before
{Heap before GC invocations=57 (full 3):
 PSYoungGen      total 15872K, used 15370K [0x00000000d5580000, 0x00000000d6880000, 0x0000000100000000)
  eden space 14336K, 100% used [0x00000000d5580000,0x00000000d6380000,0x00000000d6380000)
  from space 1536K, 67% used [0x00000000d6600000,0x00000000d6702bb8,0x00000000d6780000)
  to   space 1024K, 0% used [0x00000000d6780000,0x00000000d6780000,0x00000000d6880000)
 ParOldGen       total 80896K, used 80627K [0x0000000080000000, 0x0000000084f00000, 0x00000000d5580000)
  object space 80896K, 99% used [0x0000000080000000,0x0000000084ebccc8,0x0000000084f00000)
 Metaspace       used 74370K, committed 76032K, reserved 1179648K
  class space    used 7796K, committed 8512K, reserved 1048576K
}
Event: 37.638 GC heap after
{Heap after GC invocations=57 (full 3):
 PSYoungGen      total 15360K, used 1008K [0x00000000d5580000, 0x00000000d6980000, 0x0000000100000000)
  eden space 14336K, 0% used [0x00000000d5580000,0x00000000d5580000,0x00000000d6380000)
  from space 1024K, 98% used [0x00000000d6780000,0x00000000d687c030,0x00000000d6880000)
  to   space 3072K, 0% used [0x00000000d6380000,0x00000000d6380000,0x00000000d6680000)
 ParOldGen       total 82432K, used 82181K [0x0000000080000000, 0x0000000085080000, 0x00000000d5580000)
  object space 82432K, 99% used [0x0000000080000000,0x0000000085041578,0x0000000085080000)
 Metaspace       used 74370K, committed 76032K, reserved 1179648K
  class space    used 7796K, committed 8512K, reserved 1048576K
}
Event: 37.800 GC heap before
{Heap before GC invocations=58 (full 3):
 PSYoungGen      total 15360K, used 15344K [0x00000000d5580000, 0x00000000d6980000, 0x0000000100000000)
  eden space 14336K, 100% used [0x00000000d5580000,0x00000000d6380000,0x00000000d6380000)
  from space 1024K, 98% used [0x00000000d6780000,0x00000000d687c030,0x00000000d6880000)
  to   space 3072K, 0% used [0x00000000d6380000,0x00000000d6380000,0x00000000d6680000)
 ParOldGen       total 82432K, used 82181K [0x0000000080000000, 0x0000000085080000, 0x00000000d5580000)
  object space 82432K, 99% used [0x0000000080000000,0x0000000085041578,0x0000000085080000)
 Metaspace       used 74506K, committed 76096K, reserved 1179648K
  class space    used 7808K, committed 8512K, reserved 1048576K
}
Event: 37.802 GC heap after
{Heap after GC invocations=58 (full 3):
 PSYoungGen      total 15360K, used 1014K [0x00000000d5580000, 0x00000000d6800000, 0x0000000100000000)
  eden space 14336K, 0% used [0x00000000d5580000,0x00000000d5580000,0x00000000d6380000)
  from space 1024K, 99% used [0x00000000d6380000,0x00000000d647d970,0x00000000d6480000)
  to   space 2048K, 0% used [0x00000000d6600000,0x00000000d6600000,0x00000000d6800000)
 ParOldGen       total 83456K, used 83195K [0x0000000080000000, 0x0000000085180000, 0x00000000d5580000)
  object space 83456K, 99% used [0x0000000080000000,0x000000008513ee30,0x0000000085180000)
 Metaspace       used 74506K, committed 76096K, reserved 1179648K
  class space    used 7808K, committed 8512K, reserved 1048576K
}
Event: 37.982 GC heap before
{Heap before GC invocations=59 (full 3):
 PSYoungGen      total 15360K, used 15350K [0x00000000d5580000, 0x00000000d6800000, 0x0000000100000000)
  eden space 14336K, 100% used [0x00000000d5580000,0x00000000d6380000,0x00000000d6380000)
  from space 1024K, 99% used [0x00000000d6380000,0x00000000d647d970,0x00000000d6480000)
  to   space 2048K, 0% used [0x00000000d6600000,0x00000000d6600000,0x00000000d6800000)
 ParOldGen       total 83456K, used 83195K [0x0000000080000000, 0x0000000085180000, 0x00000000d5580000)
  object space 83456K, 99% used [0x0000000080000000,0x000000008513ee30,0x0000000085180000)
 Metaspace       used 74523K, committed 76160K, reserved 1179648K
  class space    used 7809K, committed 8512K, reserved 1048576K
}
Event: 37.985 GC heap after
{Heap after GC invocations=59 (full 3):
 PSYoungGen      total 14848K, used 2026K [0x00000000d5580000, 0x00000000d6b80000, 0x0000000100000000)
  eden space 12800K, 0% used [0x00000000d5580000,0x00000000d5580000,0x00000000d6200000)
  from space 2048K, 98% used [0x00000000d6600000,0x00000000d67fabb8,0x00000000d6800000)
  to   space 4096K, 0% used [0x00000000d6200000,0x00000000d6200000,0x00000000d6600000)
 ParOldGen       total 84992K, used 84702K [0x0000000080000000, 0x0000000085300000, 0x00000000d5580000)
  object space 84992K, 99% used [0x0000000080000000,0x00000000852b7a30,0x0000000085300000)
 Metaspace       used 74523K, committed 76160K, reserved 1179648K
  class space    used 7809K, committed 8512K, reserved 1048576K
}
Event: 38.171 GC heap before
{Heap before GC invocations=60 (full 3):
 PSYoungGen      total 14848K, used 14826K [0x00000000d5580000, 0x00000000d6b80000, 0x0000000100000000)
  eden space 12800K, 100% used [0x00000000d5580000,0x00000000d6200000,0x00000000d6200000)
  from space 2048K, 98% used [0x00000000d6600000,0x00000000d67fabb8,0x00000000d6800000)
  to   space 4096K, 0% used [0x00000000d6200000,0x00000000d6200000,0x00000000d6600000)
 ParOldGen       total 84992K, used 84702K [0x0000000080000000, 0x0000000085300000, 0x00000000d5580000)
  object space 84992K, 99% used [0x0000000080000000,0x00000000852b7a30,0x0000000085300000)
 Metaspace       used 74591K, committed 76224K, reserved 1179648K
  class space    used 7809K, committed 8512K, reserved 1048576K
}
Event: 38.174 GC heap after
{Heap after GC invocations=60 (full 3):
 PSYoungGen      total 16384K, used 3386K [0x00000000d5580000, 0x00000000d6900000, 0x0000000100000000)
  eden space 12800K, 0% used [0x00000000d5580000,0x00000000d5580000,0x00000000d6200000)
  from space 3584K, 94% used [0x00000000d6200000,0x00000000d654ebc8,0x00000000d6580000)
  to   space 3584K, 0% used [0x00000000d6580000,0x00000000d6580000,0x00000000d6900000)
 ParOldGen       total 87040K, used 86649K [0x0000000080000000, 0x0000000085500000, 0x00000000d5580000)
  object space 87040K, 99% used [0x0000000080000000,0x000000008549e718,0x0000000085500000)
 Metaspace       used 74591K, committed 76224K, reserved 1179648K
  class space    used 7809K, committed 8512K, reserved 1048576K
}
Event: 38.343 GC heap before
{Heap before GC invocations=61 (full 3):
 PSYoungGen      total 16384K, used 16186K [0x00000000d5580000, 0x00000000d6900000, 0x0000000100000000)
  eden space 12800K, 100% used [0x00000000d5580000,0x00000000d6200000,0x00000000d6200000)
  from space 3584K, 94% used [0x00000000d6200000,0x00000000d654ebc8,0x00000000d6580000)
  to   space 3584K, 0% used [0x00000000d6580000,0x00000000d6580000,0x00000000d6900000)
 ParOldGen       total 87040K, used 86649K [0x0000000080000000, 0x0000000085500000, 0x00000000d5580000)
  object space 87040K, 99% used [0x0000000080000000,0x000000008549e718,0x0000000085500000)
 Metaspace       used 74625K, committed 76224K, reserved 1179648K
  class space    used 7812K, committed 8512K, reserved 1048576K
}
Event: 38.346 GC heap after
{Heap after GC invocations=61 (full 3):
 PSYoungGen      total 13824K, used 608K [0x00000000d5580000, 0x00000000d6680000, 0x0000000100000000)
  eden space 12800K, 0% used [0x00000000d5580000,0x00000000d5580000,0x00000000d6200000)
  from space 1024K, 59% used [0x00000000d6580000,0x00000000d6618038,0x00000000d6680000)
  to   space 2048K, 0% used [0x00000000d6280000,0x00000000d6280000,0x00000000d6480000)
 ParOldGen       total 90112K, used 89705K [0x0000000080000000, 0x0000000085800000, 0x00000000d5580000)
  object space 90112K, 99% used [0x0000000080000000,0x000000008579a4c0,0x0000000085800000)
 Metaspace       used 74625K, committed 76224K, reserved 1179648K
  class space    used 7812K, committed 8512K, reserved 1048576K
}
Event: 38.706 GC heap before
{Heap before GC invocations=62 (full 3):
 PSYoungGen      total 13824K, used 13408K [0x00000000d5580000, 0x00000000d6680000, 0x0000000100000000)
  eden space 12800K, 100% used [0x00000000d5580000,0x00000000d6200000,0x00000000d6200000)
  from space 1024K, 59% used [0x00000000d6580000,0x00000000d6618038,0x00000000d6680000)
  to   space 2048K, 0% used [0x00000000d6280000,0x00000000d6280000,0x00000000d6480000)
 ParOldGen       total 90112K, used 89705K [0x0000000080000000, 0x0000000085800000, 0x00000000d5580000)
  object space 90112K, 99% used [0x0000000080000000,0x000000008579a4c0,0x0000000085800000)
 Metaspace       used 74689K, committed 76352K, reserved 1179648K
  class space    used 7816K, committed 8512K, reserved 1048576K
}
Event: 38.708 GC heap after
{Heap after GC invocations=62 (full 3):
 PSYoungGen      total 14848K, used 2042K [0x00000000d5580000, 0x00000000d6800000, 0x0000000100000000)
  eden space 12800K, 0% used [0x00000000d5580000,0x00000000d5580000,0x00000000d6200000)
  from space 2048K, 99% used [0x00000000d6280000,0x00000000d647eba8,0x00000000d6480000)
  to   space 3072K, 0% used [0x00000000d6500000,0x00000000d6500000,0x00000000d6800000)
 ParOldGen       total 90624K, used 90245K [0x0000000080000000, 0x0000000085880000, 0x00000000d5580000)
  object space 90624K, 99% used [0x0000000080000000,0x0000000085821670,0x0000000085880000)
 Metaspace       used 74689K, committed 76352K, reserved 1179648K
  class space    used 7816K, committed 8512K, reserved 1048576K
}
Event: 38.877 GC heap before
{Heap before GC invocations=63 (full 3):
 PSYoungGen      total 14848K, used 14842K [0x00000000d5580000, 0x00000000d6800000, 0x0000000100000000)
  eden space 12800K, 100% used [0x00000000d5580000,0x00000000d6200000,0x00000000d6200000)
  from space 2048K, 99% used [0x00000000d6280000,0x00000000d647eba8,0x00000000d6480000)
  to   space 3072K, 0% used [0x00000000d6500000,0x00000000d6500000,0x00000000d6800000)
 ParOldGen       total 90624K, used 90245K [0x0000000080000000, 0x0000000085880000, 0x00000000d5580000)
  object space 90624K, 99% used [0x0000000080000000,0x0000000085821670,0x0000000085880000)
 Metaspace       used 74754K, committed 76352K, reserved 1179648K
  class space    used 7816K, committed 8512K, reserved 1048576K
}
Event: 38.879 GC heap after
{Heap after GC invocations=63 (full 3):
 PSYoungGen      total 15872K, used 2522K [0x00000000d5580000, 0x00000000d6800000, 0x0000000100000000)
  eden space 12800K, 0% used [0x00000000d5580000,0x00000000d5580000,0x00000000d6200000)
  from space 3072K, 82% used [0x00000000d6500000,0x00000000d6776b98,0x00000000d6800000)
  to   space 3072K, 0% used [0x00000000d6200000,0x00000000d6200000,0x00000000d6500000)
 ParOldGen       total 92672K, used 92302K [0x0000000080000000, 0x0000000085a80000, 0x00000000d5580000)
  object space 92672K, 99% used [0x0000000080000000,0x0000000085a23820,0x0000000085a80000)
 Metaspace       used 74754K, committed 76352K, reserved 1179648K
  class space    used 7816K, committed 8512K, reserved 1048576K
}
Event: 39.021 GC heap before
{Heap before GC invocations=64 (full 3):
 PSYoungGen      total 15872K, used 15322K [0x00000000d5580000, 0x00000000d6800000, 0x0000000100000000)
  eden space 12800K, 100% used [0x00000000d5580000,0x00000000d6200000,0x00000000d6200000)
  from space 3072K, 82% used [0x00000000d6500000,0x00000000d6776b98,0x00000000d6800000)
  to   space 3072K, 0% used [0x00000000d6200000,0x00000000d6200000,0x00000000d6500000)
 ParOldGen       total 92672K, used 92302K [0x0000000080000000, 0x0000000085a80000, 0x00000000d5580000)
  object space 92672K, 99% used [0x0000000080000000,0x0000000085a23820,0x0000000085a80000)
 Metaspace       used 74794K, committed 76416K, reserved 1179648K
  class space    used 7817K, committed 8512K, reserved 1048576K
}
Event: 39.023 GC heap after
{Heap after GC invocations=64 (full 3):
 PSYoungGen      total 13312K, used 320K [0x00000000d5580000, 0x00000000d6580000, 0x0000000100000000)
  eden space 12800K, 0% used [0x00000000d5580000,0x00000000d5580000,0x00000000d6200000)
  from space 512K, 62% used [0x00000000d6200000,0x00000000d6250000,0x00000000d6280000)
  to   space 1536K, 0% used [0x00000000d6400000,0x00000000d6400000,0x00000000d6580000)
 ParOldGen       total 94720K, used 94626K [0x0000000080000000, 0x0000000085c80000, 0x00000000d5580000)
  object space 94720K, 99% used [0x0000000080000000,0x0000000085c68b60,0x0000000085c80000)
 Metaspace       used 74794K, committed 76416K, reserved 1179648K
  class space    used 7817K, committed 8512K, reserved 1048576K
}

Dll operation events (12 events):
Event: 0.154 Loaded shared library c:\Users\hieuh\.vscode\extensions\redhat.java-1.53.0-win32-x64\jre\21.0.10-win32-x86_64\bin\java.dll
Event: 0.253 Loaded shared library c:\Users\hieuh\.vscode\extensions\redhat.java-1.53.0-win32-x64\jre\21.0.10-win32-x86_64\bin\zip.dll
Event: 0.287 Loaded shared library C:\Users\hieuh\.vscode\extensions\redhat.java-1.53.0-win32-x64\jre\21.0.10-win32-x86_64\bin\instrument.dll
Event: 0.387 Loaded shared library C:\Users\hieuh\.vscode\extensions\redhat.java-1.53.0-win32-x64\jre\21.0.10-win32-x86_64\bin\net.dll
Event: 0.480 Loaded shared library C:\Users\hieuh\.vscode\extensions\redhat.java-1.53.0-win32-x64\jre\21.0.10-win32-x86_64\bin\nio.dll
Event: 0.487 Loaded shared library C:\Users\hieuh\.vscode\extensions\redhat.java-1.53.0-win32-x64\jre\21.0.10-win32-x86_64\bin\zip.dll
Event: 0.519 Loaded shared library C:\Users\hieuh\.vscode\extensions\redhat.java-1.53.0-win32-x64\jre\21.0.10-win32-x86_64\bin\jimage.dll
Event: 0.702 Loaded shared library c:\Users\hieuh\.vscode\extensions\redhat.java-1.53.0-win32-x64\jre\21.0.10-win32-x86_64\bin\verify.dll
Event: 13.820 Loaded shared library C:\Users\hieuh\AppData\Roaming\Code\User\globalStorage\redhat.java\1.53.0\config_win\org.eclipse.equinox.launcher\org.eclipse.equinox.launcher.win32.win32.x86_64_1.3.0.v20260203-2149\eclipse_11919.dll
Event: 25.567 Loaded shared library C:\Users\hieuh\AppData\Local\Temp\jna-99275031\jna4267275995514311664.dll
Event: 27.878 Loaded shared library C:\Users\hieuh\.vscode\extensions\redhat.java-1.53.0-win32-x64\jre\21.0.10-win32-x86_64\bin\sunmscapi.dll
Event: 28.798 Loaded shared library C:\Users\hieuh\.vscode\extensions\redhat.java-1.53.0-win32-x64\jre\21.0.10-win32-x86_64\bin\extnet.dll

Deoptimization events (20 events):
Event: 327.164 Thread 0x0000026104d0cfb0 DEOPT PACKING pc=0x000002612f4a6e64 sp=0x00000068c5dfe710
Event: 327.164 Thread 0x0000026104d0cfb0 DEOPT UNPACKING pc=0x000002612e923aa2 sp=0x00000068c5dfe6b8 mode 2
Event: 327.166 Thread 0x0000026104d0cfb0 DEOPT PACKING pc=0x000002612852415e sp=0x00000068c5dfe3c0
Event: 327.166 Thread 0x0000026104d0cfb0 DEOPT UNPACKING pc=0x000002612e924242 sp=0x00000068c5dfd918 mode 0
Event: 327.171 Thread 0x0000026104d0cfb0 Uncommon trap: trap_request=0xffffff45 fr.pc=0x000002612f1a8240 relative=0x00000000000001a0
Event: 327.171 Thread 0x0000026104d0cfb0 Uncommon trap: reason=unstable_if action=reinterpret pc=0x000002612f1a8240 method=jdk.internal.org.objectweb.asm.Frame.push(I)V @ 26 c2
Event: 327.171 Thread 0x0000026104d0cfb0 DEOPT PACKING pc=0x000002612f1a8240 sp=0x00000068c5dfd260
Event: 327.172 Thread 0x0000026104d0cfb0 DEOPT UNPACKING pc=0x000002612e923aa2 sp=0x00000068c5dfd1e8 mode 2
Event: 327.186 Thread 0x0000026104d0cfb0 Uncommon trap: trap_request=0xffffffde fr.pc=0x000002612f2644e8 relative=0x0000000000000708
Event: 327.186 Thread 0x0000026104d0cfb0 Uncommon trap: reason=class_check action=maybe_recompile pc=0x000002612f2644e8 method=org.eclipse.core.internal.dtree.DeltaDataTree.getData(Lorg/eclipse/core/runtime/IPath;)Ljava/lang/Object; @ 20 c2
Event: 327.186 Thread 0x0000026104d0cfb0 DEOPT PACKING pc=0x000002612f2644e8 sp=0x00000068c5dfeb70
Event: 327.186 Thread 0x0000026104d0cfb0 DEOPT UNPACKING pc=0x000002612e923aa2 sp=0x00000068c5dfeb28 mode 2
Event: 327.186 Thread 0x0000026104d0cfb0 Uncommon trap: trap_request=0xffffffde fr.pc=0x000002612f2644e8 relative=0x0000000000000708
Event: 327.186 Thread 0x0000026104d0cfb0 Uncommon trap: reason=class_check action=maybe_recompile pc=0x000002612f2644e8 method=org.eclipse.core.internal.dtree.DeltaDataTree.getData(Lorg/eclipse/core/runtime/IPath;)Ljava/lang/Object; @ 20 c2
Event: 327.186 Thread 0x0000026104d0cfb0 DEOPT PACKING pc=0x000002612f2644e8 sp=0x00000068c5dfeb70
Event: 327.186 Thread 0x0000026104d0cfb0 DEOPT UNPACKING pc=0x000002612e923aa2 sp=0x00000068c5dfeb28 mode 2
Event: 327.194 Thread 0x0000026104d0cfb0 Uncommon trap: trap_request=0xffffff45 fr.pc=0x000002612f55f8a8 relative=0x00000000000005c8
Event: 327.194 Thread 0x0000026104d0cfb0 Uncommon trap: reason=unstable_if action=reinterpret pc=0x000002612f55f8a8 method=java.io.InputStream.read([BII)I @ 52 c2
Event: 327.194 Thread 0x0000026104d0cfb0 DEOPT PACKING pc=0x000002612f55f8a8 sp=0x00000068c5dfea40
Event: 327.194 Thread 0x0000026104d0cfb0 DEOPT UNPACKING pc=0x000002612e923aa2 sp=0x00000068c5dfe9c0 mode 2

Classes loaded (20 events):
Event: 37.580 Loading class java/util/regex/Pattern$Behind
Event: 37.580 Loading class java/util/regex/Pattern$Behind done
Event: 37.581 Loading class java/util/regex/Pattern$Neg
Event: 37.581 Loading class java/util/regex/Pattern$Neg done
Event: 327.116 Loading class java/util/stream/Nodes$CollectorTask$OfRef
Event: 327.116 Loading class java/util/stream/Nodes$CollectorTask
Event: 327.117 Loading class java/util/stream/Nodes$CollectorTask done
Event: 327.117 Loading class java/util/stream/Nodes$CollectorTask$OfRef done
Event: 327.118 Loading class java/util/function/LongFunction
Event: 327.118 Loading class java/util/function/LongFunction done
Event: 327.118 Loading class java/util/stream/Nodes$ConcNode
Event: 327.119 Loading class java/util/stream/Nodes$AbstractConcNode
Event: 327.119 Loading class java/util/stream/Nodes$AbstractConcNode done
Event: 327.119 Loading class java/util/stream/Nodes$ConcNode done
Event: 327.145 Loading class java/io/ObjectOutputStream$BlockDataOutputStream
Event: 327.146 Loading class java/io/ObjectOutputStream$BlockDataOutputStream done
Event: 327.146 Loading class java/io/ObjectOutputStream$HandleTable
Event: 327.147 Loading class java/io/ObjectOutputStream$HandleTable done
Event: 327.147 Loading class java/io/ObjectOutputStream$ReplaceTable
Event: 327.148 Loading class java/io/ObjectOutputStream$ReplaceTable done

Classes unloaded (9 events):
Event: 26.187 Thread 0x0000026124214890 Unloading class 0x000002613c1acc00 'java/lang/invoke/LambdaForm$MH+0x000002613c1acc00'
Event: 26.187 Thread 0x0000026124214890 Unloading class 0x000002613c1ac800 'java/lang/invoke/LambdaForm$MH+0x000002613c1ac800'
Event: 26.187 Thread 0x0000026124214890 Unloading class 0x000002613c1ac400 'java/lang/invoke/LambdaForm$MH+0x000002613c1ac400'
Event: 26.187 Thread 0x0000026124214890 Unloading class 0x000002613c1ac000 'java/lang/invoke/LambdaForm$MH+0x000002613c1ac000'
Event: 26.187 Thread 0x0000026124214890 Unloading class 0x000002613c1abc00 'java/lang/invoke/LambdaForm$BMH+0x000002613c1abc00'
Event: 26.187 Thread 0x0000026124214890 Unloading class 0x000002613c1ab800 'java/lang/invoke/LambdaForm$DMH+0x000002613c1ab800'
Event: 26.187 Thread 0x0000026124214890 Unloading class 0x000002613c1aa400 'java/lang/invoke/LambdaForm$DMH+0x000002613c1aa400'
Event: 27.927 Thread 0x0000026124214890 Unloading class 0x000002613c311000 'java/lang/invoke/LambdaForm$MH+0x000002613c311000'
Event: 27.927 Thread 0x0000026124214890 Unloading class 0x000002613c310400 'java/lang/invoke/LambdaForm$MH+0x000002613c310400'

Classes redefined (0 events):
No events

Internal exceptions (20 events):
Event: 35.945 Thread 0x00000261059b7350 Exception <a 'java/lang/NoSuchMethodError'{0x00000000d5d1aa90}: 'java.lang.Object java.lang.invoke.DirectMethodHandle$Holder.invokeStatic(java.lang.Object, java.lang.Object, int, java.lang.Object, java.lang.Object)'> (0x00000000d5d1aa90) 
thrown [s\src\hotspot\share\interpreter\linkResolver.cpp, line 773]
Event: 35.945 Thread 0x00000261059ba140 Exception <a 'java/lang/NoSuchMethodError'{0x00000000d5d0d858}: 'java.lang.Object java.lang.invoke.DirectMethodHandle$Holder.invokeStatic(java.lang.Object, java.lang.Object, int, java.lang.Object, java.lang.Object)'> (0x00000000d5d0d858) 
thrown [s\src\hotspot\share\interpreter\linkResolver.cpp, line 773]
Event: 36.097 Thread 0x00000261059b7350 Exception <a 'java/lang/NoSuchMethodError'{0x00000000d5a40e30}: 'void java.lang.invoke.DirectMethodHandle$Holder.invokeVirtual(java.lang.Object, java.lang.Object, java.lang.Object, java.lang.Object, java.lang.Object)'> (0x00000000d5a40e30) 
thrown [s\src\hotspot\share\interpreter\linkResolver.cpp, line 773]
Event: 36.097 Thread 0x00000261059ba140 Exception <a 'java/lang/NoSuchMethodError'{0x00000000d58aae08}: 'void java.lang.invoke.DirectMethodHandle$Holder.invokeVirtual(java.lang.Object, java.lang.Object, java.lang.Object, java.lang.Object, java.lang.Object)'> (0x00000000d58aae08) 
thrown [s\src\hotspot\share\interpreter\linkResolver.cpp, line 773]
Event: 36.097 Thread 0x00000261059b8070 Exception <a 'java/lang/NoSuchMethodError'{0x00000000d58ce230}: 'void java.lang.invoke.DirectMethodHandle$Holder.invokeVirtual(java.lang.Object, java.lang.Object, java.lang.Object, java.lang.Object, java.lang.Object)'> (0x00000000d58ce230) 
thrown [s\src\hotspot\share\interpreter\linkResolver.cpp, line 773]
Event: 36.297 Thread 0x00000261059ba140 Exception <a 'java/lang/LinkageError'{0x00000000d6388a18}: loader lombok.launch.ShadowClassLoader @4c8b03f4 attempted duplicate class definition for lombok.eclipse.agent.PatchDiagnostics. (lombok.eclipse.agent.PatchDiagnostics is in unnamed module of loader lombok.launch.ShadowClassLoader @4c8b03f4, parent loader org.eclipse.osgi.internal.loader.EquinoxClassLoader @70f3f6e0)> (0x00000000d6388a18) 
thrown [s\src\hotspot\share\classfile\systemDictionary.cpp, line 1672]
Event: 36.298 Thread 0x00000261059b8070 Exception <a 'java/lang/LinkageError'{0x00000000d632ddc0}: loader lombok.launch.ShadowClassLoader @4c8b03f4 attempted duplicate class definition for lombok.eclipse.agent.PatchDiagnostics. (lombok.eclipse.agent.PatchDiagnostics is in unnamed module of loader lombok.launch.ShadowClassLoader @4c8b03f4, parent loader org.eclipse.osgi.internal.loader.EquinoxClassLoader @70f3f6e0)> (0x00000000d632ddc0) 
thrown [s\src\hotspot\share\classfile\systemDictionary.cpp, line 1672]
Event: 36.304 Thread 0x00000261059b8070 Exception <a 'java/lang/LinkageError'{0x00000000d643ef38}: loader lombok.launch.ShadowClassLoader @4c8b03f4 attempted duplicate class definition for lombok.eclipse.EcjAugments. (lombok.eclipse.EcjAugments is in unnamed module of loader lombok.launch.ShadowClassLoader @4c8b03f4, parent loader org.eclipse.osgi.internal.loader.EquinoxClassLoader @70f3f6e0)> (0x00000000d643ef38) 
thrown [s\src\hotspot\share\classfile\systemDictionary.cpp, line 1672]
Event: 36.305 Thread 0x00000261059ba140 Exception <a 'java/lang/LinkageError'{0x00000000d6393020}: loader lombok.launch.ShadowClassLoader @4c8b03f4 attempted duplicate class definition for lombok.eclipse.EcjAugments. (lombok.eclipse.EcjAugments is in unnamed module of loader lombok.launch.ShadowClassLoader @4c8b03f4, parent loader org.eclipse.osgi.internal.loader.EquinoxClassLoader @70f3f6e0)> (0x00000000d6393020) 
thrown [s\src\hotspot\share\classfile\systemDictionary.cpp, line 1672]
Event: 36.351 Thread 0x00000261059b7350 Exception <a 'java/lang/LinkageError'{0x00000000d568d748}: loader lombok.launch.ShadowClassLoader @4c8b03f4 attempted duplicate class definition for lombok.launch.PatchFixesHider$PatchFixes. (lombok.launch.PatchFixesHider$PatchFixes is in unnamed module of loader lombok.launch.ShadowClassLoader @4c8b03f4, parent loader org.eclipse.osgi.internal.loader.EquinoxClassLoader @70f3f6e0)> (0x00000000d568d748) 
thrown [s\src\hotspot\share\classfile\systemDictionary.cpp, line 1672]
Event: 36.352 Thread 0x00000261059ba140 Exception <a 'java/lang/LinkageError'{0x00000000d569a4a0}: loader lombok.launch.ShadowClassLoader @4c8b03f4 attempted duplicate class definition for lombok.launch.PatchFixesHider$PatchFixes. (lombok.launch.PatchFixesHider$PatchFixes is in unnamed module of loader lombok.launch.ShadowClassLoader @4c8b03f4, parent loader org.eclipse.osgi.internal.loader.EquinoxClassLoader @70f3f6e0)> (0x00000000d569a4a0) 
thrown [s\src\hotspot\share\classfile\systemDictionary.cpp, line 1672]
Event: 36.372 Thread 0x00000261059b8070 Exception <a 'java/lang/LinkageError'{0x00000000d573eff0}: loader lombok.launch.ShadowClassLoader @4c8b03f4 attempted duplicate class definition for lombok.launch.PatchFixesHider$ValPortal. (lombok.launch.PatchFixesHider$ValPortal is in unnamed module of loader lombok.launch.ShadowClassLoader @4c8b03f4, parent loader org.eclipse.osgi.internal.loader.EquinoxClassLoader @70f3f6e0)> (0x00000000d573eff0) 
thrown [s\src\hotspot\share\classfile\systemDictionary.cpp, line 1672]
Event: 36.373 Thread 0x00000261059b7350 Exception <a 'java/lang/LinkageError'{0x00000000d56fa498}: loader lombok.launch.ShadowClassLoader @4c8b03f4 attempted duplicate class definition for lombok.launch.PatchFixesHider$ValPortal. (lombok.launch.PatchFixesHider$ValPortal is in unnamed module of loader lombok.launch.ShadowClassLoader @4c8b03f4, parent loader org.eclipse.osgi.internal.loader.EquinoxClassLoader @70f3f6e0)> (0x00000000d56fa498) 
thrown [s\src\hotspot\share\classfile\systemDictionary.cpp, line 1672]
Event: 37.217 Thread 0x000002610774fc70 Exception <a 'java/lang/NoSuchMethodError'{0x00000000d5e39fc8}: 'java.lang.Object java.lang.invoke.DirectMethodHandle$Holder.invokeStatic(java.lang.Object, java.lang.Object, int, java.lang.Object)'> (0x00000000d5e39fc8) 
thrown [s\src\hotspot\share\interpreter\linkResolver.cpp, line 773]
Event: 37.218 Thread 0x000002610774fc70 Exception <a 'java/lang/NoSuchMethodError'{0x00000000d5e40c98}: 'java.lang.Object java.lang.invoke.DirectMethodHandle$Holder.newInvokeSpecial(java.lang.Object, java.lang.Object, int)'> (0x00000000d5e40c98) 
thrown [s\src\hotspot\share\interpreter\linkResolver.cpp, line 773]
Event: 37.475 Thread 0x00000261059b8070 Exception <a 'java/lang/NoSuchMethodError'{0x00000000d599ac10}: 'int java.lang.invoke.DirectMethodHandle$Holder.invokeVirtual(java.lang.Object, java.lang.Object, java.lang.Object, int)'> (0x00000000d599ac10) 
thrown [s\src\hotspot\share\interpreter\linkResolver.cpp, line 773]
Event: 37.497 Thread 0x00000261059b8070 Exception <a 'java/lang/NoSuchMethodError'{0x00000000d5c88c60}: 'void java.lang.invoke.DirectMethodHandle$Holder.invokeSpecial(java.lang.Object, java.lang.Object, int)'> (0x00000000d5c88c60) 
thrown [s\src\hotspot\share\interpreter\linkResolver.cpp, line 773]
Event: 327.133 Thread 0x0000026104d0cfb0 Exception <a 'sun/nio/fs/WindowsException'{0x00000000d5f594d0}> (0x00000000d5f594d0) 
thrown [s\src\hotspot\share\prims\jni.cpp, line 520]
Event: 327.133 Thread 0x0000026104d0cfb0 Exception <a 'sun/nio/fs/WindowsException'{0x00000000d5f5a218}> (0x00000000d5f5a218) 
thrown [s\src\hotspot\share\prims\jni.cpp, line 520]
Event: 327.175 Thread 0x0000026104d0cfb0 Exception <a 'java/lang/NoSuchMethodError'{0x00000000d5fdcfd0}: 'java.lang.Object java.lang.invoke.DirectMethodHandle$Holder.newInvokeSpecial(java.lang.Object, java.lang.Object, java.lang.Object, java.lang.Object, java.lang.Object, java.lang.Object, java.lang.Object, java.lang.Object)'> (0x00000000d5fdcfd0) 
thrown [s\src\hotspot\share\interpreter\linkResolver.cpp, line 773]

ZGC Phase Switch (0 events):
No events

VM Operations (20 events):
Event: 12606.364 Executing non-safepoint VM operation: HandshakeAllThreads (HandshakeForDeflation)
Event: 12606.364 Executing non-safepoint VM operation: HandshakeAllThreads (HandshakeForDeflation) done
Event: 12606.364 Executing non-safepoint VM operation: RendezvousGCThreads
Event: 12606.364 Executing non-safepoint VM operation: RendezvousGCThreads done
Event: 12666.472 Executing non-safepoint VM operation: HandshakeAllThreads (HandshakeForDeflation)
Event: 12666.472 Executing non-safepoint VM operation: HandshakeAllThreads (HandshakeForDeflation) done
Event: 12666.472 Executing non-safepoint VM operation: RendezvousGCThreads
Event: 12666.472 Executing non-safepoint VM operation: RendezvousGCThreads done
Event: 12726.515 Executing non-safepoint VM operation: HandshakeAllThreads (HandshakeForDeflation)
Event: 12726.515 Executing non-safepoint VM operation: HandshakeAllThreads (HandshakeForDeflation) done
Event: 12726.515 Executing non-safepoint VM operation: RendezvousGCThreads
Event: 12726.515 Executing non-safepoint VM operation: RendezvousGCThreads done
Event: 12846.655 Executing non-safepoint VM operation: HandshakeAllThreads (HandshakeForDeflation)
Event: 12846.655 Executing non-safepoint VM operation: HandshakeAllThreads (HandshakeForDeflation) done
Event: 12846.655 Executing non-safepoint VM operation: RendezvousGCThreads
Event: 12846.655 Executing non-safepoint VM operation: RendezvousGCThreads done
Event: 12906.721 Executing non-safepoint VM operation: HandshakeAllThreads (HandshakeForDeflation)
Event: 12906.721 Executing non-safepoint VM operation: HandshakeAllThreads (HandshakeForDeflation) done
Event: 12906.721 Executing non-safepoint VM operation: RendezvousGCThreads
Event: 12906.721 Executing non-safepoint VM operation: RendezvousGCThreads done

Memory protections (0 events):
No events

Nmethod flushes (20 events):
Event: 33.138 Thread 0x0000026124214890 flushing  nmethod 0x0000026127f04390
Event: 33.138 Thread 0x0000026124214890 flushing osr nmethod 0x0000026127f05c10
Event: 33.138 Thread 0x0000026124214890 flushing  nmethod 0x0000026127f12110
Event: 33.138 Thread 0x0000026124214890 flushing  nmethod 0x0000026127f2a290
Event: 33.138 Thread 0x0000026124214890 flushing  nmethod 0x0000026127f2d490
Event: 33.138 Thread 0x0000026124214890 flushing  nmethod 0x0000026127f30990
Event: 33.138 Thread 0x0000026124214890 flushing  nmethod 0x0000026127f4f090
Event: 33.138 Thread 0x0000026124214890 flushing  nmethod 0x0000026127f7aa90
Event: 33.138 Thread 0x0000026124214890 flushing  nmethod 0x0000026127f7b190
Event: 33.138 Thread 0x0000026124214890 flushing  nmethod 0x0000026127f7c110
Event: 33.138 Thread 0x0000026124214890 flushing  nmethod 0x0000026127f7c710
Event: 33.138 Thread 0x0000026124214890 flushing  nmethod 0x0000026127f7cf90
Event: 33.138 Thread 0x0000026124214890 flushing  nmethod 0x0000026127f7d310
Event: 33.138 Thread 0x0000026124214890 flushing  nmethod 0x0000026127f81790
Event: 33.138 Thread 0x0000026124214890 flushing  nmethod 0x0000026127f8c490
Event: 33.138 Thread 0x0000026124214890 flushing  nmethod 0x0000026127f8da10
Event: 33.138 Thread 0x0000026124214890 flushing  nmethod 0x0000026127f8ec90
Event: 33.138 Thread 0x0000026124214890 flushing  nmethod 0x0000026127f9c010
Event: 33.138 Thread 0x0000026124214890 flushing  nmethod 0x0000026127fc2d10
Event: 33.138 Thread 0x0000026124214890 flushing  nmethod 0x0000026127fdd690

Events (20 events):
Event: 44.946 Thread 0x000002617d08a520 Thread exited: 0x000002617d08a520
Event: 44.946 Thread 0x000002617d08ce00 Thread exited: 0x000002617d08ce00
Event: 49.948 Thread 0x000002617d08b2c0 Thread exited: 0x000002617d08b2c0
Event: 95.256 Thread 0x0000026104d0f080 Thread exited: 0x0000026104d0f080
Event: 95.256 Thread 0x00000261077516b0 Thread exited: 0x00000261077516b0
Event: 95.256 Thread 0x0000026104d0c290 Thread exited: 0x0000026104d0c290
Event: 95.257 Thread 0x0000026104d0c920 Thread exited: 0x0000026104d0c920
Event: 96.085 Thread 0x0000026104d0f710 Thread exited: 0x0000026104d0f710
Event: 99.129 Thread 0x00000261059b8070 Thread exited: 0x00000261059b8070
Event: 159.137 Thread 0x00000261059b7350 Thread exited: 0x00000261059b7350
Event: 219.139 Thread 0x00000261059ba140 Thread exited: 0x00000261059ba140
Event: 279.151 Thread 0x00000261059b79e0 Thread exited: 0x00000261059b79e0
Event: 327.110 Thread 0x0000026104d0cfb0 Thread added: 0x0000026104354560
Event: 327.121 Thread 0x0000026104354560 Thread exited: 0x0000026104354560
Event: 327.137 Thread 0x0000026104d0cfb0 Thread added: 0x0000026104354560
Event: 327.140 Thread 0x0000026104354560 Thread exited: 0x0000026104354560
Event: 327.167 Thread 0x000002617d08c060 Thread added: 0x0000026105736970
Event: 327.303 Thread 0x0000026105736970 Thread exited: 0x0000026105736970
Event: 339.162 Thread 0x00000261059b8d90 Thread exited: 0x00000261059b8d90
Event: 399.172 Thread 0x00000261059b9420 Thread exited: 0x00000261059b9420


Dynamic libraries:
0x00007ff780390000 - 0x00007ff78039e000 	c:\Users\hieuh\.vscode\extensions\redhat.java-1.53.0-win32-x64\jre\21.0.10-win32-x86_64\bin\java.exe
0x00007fffd49e0000 - 0x00007fffd4c48000 	C:\WINDOWS\SYSTEM32\ntdll.dll
0x00007fffd34d0000 - 0x00007fffd3599000 	C:\WINDOWS\System32\KERNEL32.DLL
0x00007fffd1e80000 - 0x00007fffd2271000 	C:\WINDOWS\System32\KERNELBASE.dll
0x00007fffce6e0000 - 0x00007fffce77e000 	C:\WINDOWS\SYSTEM32\apphelp.dll
0x00007fffd2580000 - 0x00007fffd26cb000 	C:\WINDOWS\System32\ucrtbase.dll
0x00007fffc3550000 - 0x00007fffc356e000 	c:\Users\hieuh\.vscode\extensions\redhat.java-1.53.0-win32-x64\jre\21.0.10-win32-x86_64\bin\VCRUNTIME140.dll
0x00007fffa2b40000 - 0x00007fffa2b58000 	c:\Users\hieuh\.vscode\extensions\redhat.java-1.53.0-win32-x64\jre\21.0.10-win32-x86_64\bin\jli.dll
0x00007fffd30d0000 - 0x00007fffd3296000 	C:\WINDOWS\System32\USER32.dll
0x00007fffd2550000 - 0x00007fffd2577000 	C:\WINDOWS\System32\win32u.dll
0x00007fffbd100000 - 0x00007fffbd393000 	C:\WINDOWS\WinSxS\amd64_microsoft.windows.common-controls_6595b64144ccf1df_6.0.26100.7824_none_3e0870b2e3345462\COMCTL32.dll
0x00007fffd2e30000 - 0x00007fffd2e5b000 	C:\WINDOWS\System32\GDI32.dll
0x00007fffd4890000 - 0x00007fffd4939000 	C:\WINDOWS\System32\msvcrt.dll
0x00007fffd12c0000 - 0x00007fffd13eb000 	C:\WINDOWS\System32\gdi32full.dll
0x00007fffd1dd0000 - 0x00007fffd1e73000 	C:\WINDOWS\System32\msvcp_win.dll
0x00007fffd4850000 - 0x00007fffd4881000 	C:\WINDOWS\System32\IMM32.DLL
0x00007fffce6d0000 - 0x00007fffce6dc000 	c:\Users\hieuh\.vscode\extensions\redhat.java-1.53.0-win32-x64\jre\21.0.10-win32-x86_64\bin\vcruntime140_1.dll
0x00007fff9f8a0000 - 0x00007fff9f92d000 	c:\Users\hieuh\.vscode\extensions\redhat.java-1.53.0-win32-x64\jre\21.0.10-win32-x86_64\bin\msvcp140.dll
0x00007fff1e5c0000 - 0x00007fff1f361000 	c:\Users\hieuh\.vscode\extensions\redhat.java-1.53.0-win32-x64\jre\21.0.10-win32-x86_64\bin\server\jvm.dll
0x00007fffd35a0000 - 0x00007fffd3654000 	C:\WINDOWS\System32\ADVAPI32.dll
0x00007fffd3c90000 - 0x00007fffd3d36000 	C:\WINDOWS\System32\sechost.dll
0x00007fffd4660000 - 0x00007fffd4778000 	C:\WINDOWS\System32\RPCRT4.dll
0x00007fffd2ee0000 - 0x00007fffd2f54000 	C:\WINDOWS\System32\WS2_32.dll
0x00007fffd1120000 - 0x00007fffd117e000 	C:\WINDOWS\SYSTEM32\POWRPROF.dll
0x00007fffceb60000 - 0x00007fffceb95000 	C:\WINDOWS\SYSTEM32\WINMM.dll
0x00007fffc9bd0000 - 0x00007fffc9bdb000 	C:\WINDOWS\SYSTEM32\VERSION.dll
0x00007fffd1100000 - 0x00007fffd1114000 	C:\WINDOWS\SYSTEM32\UMPDC.dll
0x00007fffd0060000 - 0x00007fffd007b000 	C:\WINDOWS\SYSTEM32\kernel.appcore.dll
0x00007fffbcda0000 - 0x00007fffbcdaa000 	c:\Users\hieuh\.vscode\extensions\redhat.java-1.53.0-win32-x64\jre\21.0.10-win32-x86_64\bin\jimage.dll
0x00007fffce910000 - 0x00007fffceb52000 	C:\WINDOWS\SYSTEM32\DBGHELP.DLL
0x00007fffd2780000 - 0x00007fffd2b06000 	C:\WINDOWS\System32\combase.dll
0x00007fffd33c0000 - 0x00007fffd3497000 	C:\WINDOWS\System32\OLEAUT32.dll
0x00007fffce8d0000 - 0x00007fffce90b000 	C:\WINDOWS\SYSTEM32\dbgcore.DLL
0x00007fffd26d0000 - 0x00007fffd2775000 	C:\WINDOWS\System32\bcryptPrimitives.dll
0x00007fffb88f0000 - 0x00007fffb88ff000 	c:\Users\hieuh\.vscode\extensions\redhat.java-1.53.0-win32-x64\jre\21.0.10-win32-x86_64\bin\instrument.dll
0x00007fffa2b20000 - 0x00007fffa2b40000 	c:\Users\hieuh\.vscode\extensions\redhat.java-1.53.0-win32-x64\jre\21.0.10-win32-x86_64\bin\java.dll
0x00007fffd3f00000 - 0x00007fffd4652000 	C:\WINDOWS\System32\SHELL32.dll
0x00007fffd1c60000 - 0x00007fffd1dca000 	C:\WINDOWS\System32\wintypes.dll
0x00007fffd13f0000 - 0x00007fffd1c53000 	C:\WINDOWS\System32\windows.storage.dll
0x00007fffd3e00000 - 0x00007fffd3ef6000 	C:\WINDOWS\System32\SHCORE.dll
0x00007fffd3d90000 - 0x00007fffd3df7000 	C:\WINDOWS\System32\shlwapi.dll
0x00007fffd11e0000 - 0x00007fffd1209000 	C:\WINDOWS\SYSTEM32\profapi.dll
0x00007fff9fec0000 - 0x00007fff9fed8000 	c:\Users\hieuh\.vscode\extensions\redhat.java-1.53.0-win32-x64\jre\21.0.10-win32-x86_64\bin\zip.dll
0x00007fffb8680000 - 0x00007fffb8690000 	C:\Users\hieuh\.vscode\extensions\redhat.java-1.53.0-win32-x64\jre\21.0.10-win32-x86_64\bin\net.dll
0x00007fffc7450000 - 0x00007fffc7577000 	C:\WINDOWS\SYSTEM32\WINHTTP.dll
0x00007fffd05d0000 - 0x00007fffd063b000 	C:\WINDOWS\system32\mswsock.dll
0x00007fff9fea0000 - 0x00007fff9feb6000 	C:\Users\hieuh\.vscode\extensions\redhat.java-1.53.0-win32-x64\jre\21.0.10-win32-x86_64\bin\nio.dll
0x00007fffb6320000 - 0x00007fffb6330000 	c:\Users\hieuh\.vscode\extensions\redhat.java-1.53.0-win32-x64\jre\21.0.10-win32-x86_64\bin\verify.dll
0x00007fff9f850000 - 0x00007fff9f895000 	C:\Users\hieuh\AppData\Roaming\Code\User\globalStorage\redhat.java\1.53.0\config_win\org.eclipse.equinox.launcher\org.eclipse.equinox.launcher.win32.win32.x86_64_1.3.0.v20260203-2149\eclipse_11919.dll
0x00007fffd3660000 - 0x00007fffd37f7000 	C:\WINDOWS\System32\ole32.dll
0x00007fffd08b0000 - 0x00007fffd08cb000 	C:\WINDOWS\SYSTEM32\CRYPTSP.dll
0x00007fffcffc0000 - 0x00007fffcfff9000 	C:\WINDOWS\system32\rsaenh.dll
0x00007fffd0680000 - 0x00007fffd06ab000 	C:\WINDOWS\SYSTEM32\USERENV.dll
0x00007fffd11b0000 - 0x00007fffd11da000 	C:\WINDOWS\SYSTEM32\bcrypt.dll
0x00007fffd08a0000 - 0x00007fffd08ac000 	C:\WINDOWS\SYSTEM32\CRYPTBASE.dll
0x00007fffcfa90000 - 0x00007fffcfac4000 	C:\WINDOWS\SYSTEM32\IPHLPAPI.DLL
0x00007fffd2e00000 - 0x00007fffd2e0a000 	C:\WINDOWS\System32\NSI.dll
0x00007fffa0a60000 - 0x00007fffa0aa9000 	C:\Users\hieuh\AppData\Local\Temp\jna-99275031\jna4267275995514311664.dll
0x00007fffd33b0000 - 0x00007fffd33b8000 	C:\WINDOWS\System32\PSAPI.DLL
0x00007fffc9910000 - 0x00007fffc992e000 	C:\WINDOWS\SYSTEM32\dhcpcsvc6.DLL
0x00007fffc7670000 - 0x00007fffc7693000 	C:\WINDOWS\SYSTEM32\dhcpcsvc.DLL
0x00007fffb3500000 - 0x00007fffb350e000 	C:\Users\hieuh\.vscode\extensions\redhat.java-1.53.0-win32-x64\jre\21.0.10-win32-x86_64\bin\sunmscapi.dll
0x00007fffd2340000 - 0x00007fffd24b7000 	C:\WINDOWS\System32\CRYPT32.dll
0x00007fffd0ac0000 - 0x00007fffd0af0000 	C:\WINDOWS\SYSTEM32\ncrypt.dll
0x00007fffd0a70000 - 0x00007fffd0aaf000 	C:\WINDOWS\SYSTEM32\NTASN1.dll
0x00007fffcfb30000 - 0x00007fffcfc5c000 	C:\WINDOWS\SYSTEM32\DNSAPI.dll
0x00007fffc7660000 - 0x00007fffc766b000 	C:\Windows\System32\rasadhlp.dll
0x00007fffc6c70000 - 0x00007fffc6cf6000 	C:\WINDOWS\System32\fwpuclnt.dll
0x00007fffb3050000 - 0x00007fffb3059000 	C:\Users\hieuh\.vscode\extensions\redhat.java-1.53.0-win32-x64\jre\21.0.10-win32-x86_64\bin\extnet.dll

JVMTI agents:
c:\Users\hieuh\.vscode\extensions\redhat.java-1.53.0-win32-x64\lombok\lombok-1.18.39-4050.jar path:c:\Users\hieuh\.vscode\extensions\redhat.java-1.53.0-win32-x64\jre\21.0.10-win32-x86_64\bin\instrument.dll, loaded, initialized, instrumentlib options:none

dbghelp: loaded successfully - version: 4.0.5 - missing functions: none
symbol engine: initialized successfully - sym options: 0x614 - pdb path: .;c:\Users\hieuh\.vscode\extensions\redhat.java-1.53.0-win32-x64\jre\21.0.10-win32-x86_64\bin;C:\WINDOWS\SYSTEM32;C:\WINDOWS\WinSxS\amd64_microsoft.windows.common-controls_6595b64144ccf1df_6.0.26100.7824_none_3e0870b2e3345462;c:\Users\hieuh\.vscode\extensions\redhat.java-1.53.0-win32-x64\jre\21.0.10-win32-x86_64\bin\server;C:\Users\hieuh\AppData\Roaming\Code\User\globalStorage\redhat.java\1.53.0\config_win\org.eclipse.equinox.launcher\org.eclipse.equinox.launcher.win32.win32.x86_64_1.3.0.v20260203-2149;C:\Users\hieuh\AppData\Local\Temp\jna-99275031

VM Arguments:
jvm_args: --add-modules=ALL-SYSTEM --add-opens=java.base/java.util=ALL-UNNAMED --add-opens=java.base/java.lang=ALL-UNNAMED --add-opens=java.base/sun.nio.fs=ALL-UNNAMED -Declipse.application=org.eclipse.jdt.ls.core.id1 -Dosgi.bundles.defaultStartLevel=4 -Declipse.product=org.eclipse.jdt.ls.core.product -Djava.import.generatesMetadataFilesAtProjectRoot=false -DDetectVMInstallationsJob.disabled=true -Dfile.encoding=utf8 -XX:+UseParallelGC -XX:GCTimeRatio=4 -XX:AdaptiveSizePolicyWeight=90 -Dsun.zip.disableMemoryMapping=true -Xmx2G -Xms100m -Xlog:disable -javaagent:c:\Users\hieuh\.vscode\extensions\redhat.java-1.53.0-win32-x64\lombok\lombok-1.18.39-4050.jar -XX:+HeapDumpOnOutOfMemoryError -XX:HeapDumpPath=c:\Users\hieuh\AppData\Roaming\Code\User\workspaceStorage\5dee26095b770e99aaa785284564fef4\redhat.java -Daether.dependencyCollector.impl=bf 
java_command: c:\Users\hieuh\.vscode\extensions\redhat.java-1.53.0-win32-x64\server\plugins\org.eclipse.equinox.launcher_1.7.100.v20251111-0406.jar -configuration c:\Users\hieuh\AppData\Roaming\Code\User\globalStorage\redhat.java\1.53.0\config_win -data c:\Users\hieuh\AppData\Roaming\Code\User\workspaceStorage\5dee26095b770e99aaa785284564fef4\redhat.java\jdt_ws --pipe=\\.\pipe\lsp-5fcab113d6bc4b8ea5bde6eb7e9aa0b7-sock
java_class_path (initial): c:\Users\hieuh\.vscode\extensions\redhat.java-1.53.0-win32-x64\server\plugins\org.eclipse.equinox.launcher_1.7.100.v20251111-0406.jar
Launcher Type: SUN_STANDARD

[Global flags]
    uintx AdaptiveSizePolicyWeight                 = 90                                        {product} {command line}
     intx CICompilerCount                          = 12                                        {product} {ergonomic}
    uintx GCTimeRatio                              = 4                                         {product} {command line}
     bool HeapDumpOnOutOfMemoryError               = true                                   {manageable} {command line}
    ccstr HeapDumpPath                             = c:\Users\hieuh\AppData\Roaming\Code\User\workspaceStorage\5dee26095b770e99aaa785284564fef4\redhat.java         {manageable} {command line}
   size_t InitialHeapSize                          = 104857600                                 {product} {command line}
   size_t MaxHeapSize                              = 2147483648                                {product} {command line}
   size_t MaxNewSize                               = 715653120                                 {product} {ergonomic}
   size_t MinHeapDeltaBytes                        = 524288                                    {product} {ergonomic}
   size_t MinHeapSize                              = 104857600                                 {product} {command line}
   size_t NewSize                                  = 34603008                                  {product} {ergonomic}
    uintx NonNMethodCodeHeapSize                   = 7602480                                {pd product} {ergonomic}
    uintx NonProfiledCodeHeapSize                  = 122027880                              {pd product} {ergonomic}
   size_t OldSize                                  = 70254592                                  {product} {ergonomic}
    uintx ProfiledCodeHeapSize                     = 122027880                              {pd product} {ergonomic}
    uintx ReservedCodeCacheSize                    = 251658240                              {pd product} {ergonomic}
     bool SegmentedCodeCache                       = true                                      {product} {ergonomic}
   size_t SoftMaxHeapSize                          = 2147483648                             {manageable} {ergonomic}
     bool UseCompressedOops                        = true                           {product lp64_product} {ergonomic}
     bool UseLargePagesIndividualAllocation        = false                                  {pd product} {ergonomic}
     bool UseParallelGC                            = true                                      {product} {command line}

Logging:
Log output configuration:
 #0: stdout all=off uptime,level,tags foldmultilines=false
 #1: stderr all=off uptime,level,tags foldmultilines=false

Release file:
JAVA_VERSION="21.0.10" 
MODULES="java.base java.compiler java.datatransfer java.xml java.prefs java.desktop java.instrument java.logging java.management java.security.sasl java.naming java.rmi java.management.rmi java.net.http java.scripting java.security.jgss java.transaction.xa java.sql java.sql.rowset java.xml.crypto java.se java.smartcardio jdk.accessibility jdk.internal.jvmstat jdk.attach jdk.charsets jdk.internal.opt jdk.zipfs jdk.compiler jdk.crypto.ec jdk.crypto.cryptoki jdk.crypto.mscapi jdk.dynalink jdk.internal.ed jdk.editpad jdk.hotspot.agent jdk.httpserver jdk.internal.le jdk.internal.vm.ci jdk.internal.vm.compiler jdk.internal.vm.compiler.management jdk.jartool jdk.javadoc jdk.jcmd jdk.management jdk.management.agent jdk.jconsole jdk.jdeps jdk.jdwp.agent jdk.jdi jdk.jfr jdk.jshell jdk.jsobject jdk.jstatd jdk.localedata jdk.management.jfr jdk.naming.dns jdk.naming.rmi jdk.net jdk.nio.mapmode jdk.random jdk.sctp jdk.security.auth jdk.security.jgss jdk.unsupported jdk.unsupported.desktop jdk.xml.dom" 

Environment Variables:
JAVA_HOME=C:\Program Files\Eclipse Adoptium\jdk-21.0.8.9-hotspot\
PATH=C:\Users\hieuh\AppData\Local\Programs\Python\Python311;C:\Users\hieuh\AppData\Local\Programs\Python\Python311\Scripts;C:\Program Files\Eclipse Adoptium\jdk-21.0.8.9-hotspot\bin;C:\Program Files\Microsoft MPI\Bin\;c:\Users\hieuh\AppData\Local\Programs\cursor\resources\app\bin;C:\Program Files (x86)\VMware\VMware Workstation\bin\;C:\Windows\system32;C:\Windows;C:\Windows\System32\Wbem;C:\Windows\System32\WindowsPowerShell\v1.0\;C:\Windows\System32\OpenSSH\;C:\Program Files\dotnet\;C:\Program Files\Microsoft SQL Server\Client SDK\ODBC\170\Tools\Binn\;C:\Program Files (x86)\Windows Kits\10\Windows Performance Toolkit\;C:\mingw64\mingw64\bin;C:\Program Files\NVIDIA Corporation\NVIDIA app\NvDLISR;C:\Program Files (x86)\NVIDIA Corporation\PhysX\Common;C:\Users\hieuh\AppData\Local\Microsoft\WindowsApps;C:\Users\hieuh\AppData\Local\GitHubDesktop\bin;C:\Users\hieuh\.dotnet\tools;C:\Users\hieuh\Downloads\winlibs-x86_64-posix-seh-gcc-12.1.0-mingw-w64msvcrt-10.0.0-r3.zip\mingw64\bin;C:\Program Files (x86)\Microsoft SQL Server\160\Tools\Binn\;C:\Program Files\Microsoft SQL Server\160\Tools\Binn\;C:\Program Files\Microsoft SQL Server\160\DTS\Binn\;C:\Program Files\Git\cmd;C:\Program Files (x86)\Microsoft SQL Server\160\DTS\Binn\;C:\WINDOWS\system32;C:\WINDOWS;C:\WINDOWS\System32\Wbem;C:\WINDOWS\System32\WindowsPowerShell\v1.0\;C:\WINDOWS\System32\OpenSSH\;C:\Program Files\nodejs\;C:\Program Files\nodejs\;C:\Program Files\PostgreSQL\17\bin;C:\Users\hieuh\Downloads\apache-maven-3.9.11\bin;C:\Users\hieuh\Downloads\apache-maven-3.9.11\bin;C:\Program Files\Docker\Docker\resources\bin;C:\Program Files\Cloudflare\Cloudflare WARP\;C:\Users\hieuh\Downloads\apache-maven-3.9.11\bin;C:\Users\hieuh\AppData\Local\Android\Sdk;C:\Users\hieuh\AppData\Local\Android\Sdk\platform-tools;C:\Users\hieuh\AppData\Local\Android\Sdk\tools;C:\Users\hieuh\AppData\Local\Android\Sdk\tools\bin;C:\Users\hieuh\AppData\Local\Android\Sdk\emulator;C:\Users\hieuh\AppData\Local\Programs\Eclipse Adoptium\jdk-17.0.15.6-hotspot\bin;C:\Users\hieuh\Downloads\apache-maven-3.9.12-bin\apache-maven-3.9.12\bin;C:\Users\hieuh\AppData\Local\Programs\Python\Python311\Scripts\;C:\Users\hieuh\AppData\Local\Programs\Python\Python311\;C:\Users\hieuh\AppData\Local\pnpm;C:\Users\hieuh\AppData\Local\Microsoft\WindowsApps;C:\Users\hieuh\AppData\Local\GitHubDesktop\bin;C:\Users\hieuh\.dotnet\tools;C:\Users\hieuh\Downloads\winlibs-x86_64-posix-seh-gcc-12.1.0-mingw-w64msvcrt-10.0.0-r3.zip\mingw64\bin;C:\Users\hieuh\AppData\Roaming\npm;C:\Program Files\JetBrains\IntelliJ IDEA 2025.3.2\bin;D:\ANT\apache-ant-1.10.15\bin;C:\Program Files\JetBrains\IntelliJ IDEA Community Edition 2025.1.1.1\bin;;C:\Users\hieuh\AppData\Local\Programs\cursor\resources\app\bin;C:\Users\hieuh\AppData\Local\Programs\Microsoft VS Code\bin;
USERNAME=hieuh
OS=Windows_NT
PROCESSOR_IDENTIFIER=AMD64 Family 23 Model 96 Stepping 1, AuthenticAMD
TMP=C:\Users\hieuh\AppData\Local\Temp
TEMP=C:\Users\hieuh\AppData\Local\Temp




Periodic native trim disabled

---------------  S Y S T E M  ---------------

OS:
 Windows 11 , 64 bit Build 26100 (10.0.26100.7705)
OS uptime: 1 days 7:48 hours
Hyper-V role detected

CPU: total 16 (initial active 16) (16 cores per cpu, 2 threads per core) family 23 model 96 stepping 1 microcode 0x8600104, cx8, cmov, fxsr, ht, mmx, 3dnowpref, sse, sse2, sse3, ssse3, sse4a, sse4.1, sse4.2, popcnt, lzcnt, tsc, tscinvbit, avx, avx2, aes, clmul, bmi1, bmi2, adx, sha, fma, vzeroupper, clflush, clflushopt, hv, rdtscp, rdpid, f16c
Processor Information for the first 16 processors :
  Max Mhz: 3000, Current Mhz: 3000, Mhz Limit: 3000

Memory: 4k page, system-wide physical 15789M (976M free)
TotalPageFile size 42737M (AvailPageFile size 67M)
current process WorkingSet (physical memory assigned to process): 14M, peak: 438M
current process commit charge ("private bytes"): 410M, peak: 520M

vm_info: OpenJDK 64-Bit Server VM (21.0.10+7-LTS) for windows-amd64 JRE (21.0.10+7-LTS), built on 2026-01-20T00:00:00Z by "admin" with MS VC++ 17.12 (VS2022)

END.
