#
# There is insufficient memory for the Java Runtime Environment to continue.
# Native memory allocation (malloc) failed to allocate 3135632 bytes. Error detail: Chunk::new
# Possible reasons:
#   The system is out of physical RAM or swap space
#   This process is running with CompressedOops enabled, and the Java Heap may be blocking the growth of the native heap
# Possible solutions:
#   Reduce memory load on the system
#   Increase physical memory or swap space
#   Check if swap backing store is full
#   Decrease Java heap size (-Xmx/-Xms)
#   Decrease number of Java threads
#   Decrease Java thread stack sizes (-Xss)
#   Set larger code cache with -XX:ReservedCodeCacheSize=
#   JVM is running with Unscaled Compressed Oops mode in which the Java heap is
#     placed in the first 4GB address space. The Java Heap base address is the
#     maximum limit for the native heap growth. Please use -XX:HeapBaseMinAddress
#     to set the Java Heap base and to place the Java Heap above 4GB virtual address.
# This output file may be truncated or incomplete.
#
#  Out of Memory Error (arena.cpp:168), pid=44620, tid=42472
#
# JRE version: OpenJDK Runtime Environment Temurin-21.0.10+7 (21.0.10+7) (build 21.0.10+7-LTS)
# Java VM: OpenJDK 64-Bit Server VM Temurin-21.0.10+7 (21.0.10+7-LTS, mixed mode, sharing, tiered, compressed oops, compressed class ptrs, parallel gc, windows-amd64)
# No core dump will be written. Minidumps are not enabled by default on client versions of Windows
#

---------------  S U M M A R Y ------------

Command Line: --add-modules=ALL-SYSTEM --add-opens=java.base/java.util=ALL-UNNAMED --add-opens=java.base/java.lang=ALL-UNNAMED --add-opens=java.base/sun.nio.fs=ALL-UNNAMED -Declipse.application=org.eclipse.jdt.ls.core.id1 -Dosgi.bundles.defaultStartLevel=4 -Declipse.product=org.eclipse.jdt.ls.core.product -Djava.import.generatesMetadataFilesAtProjectRoot=false -DDetectVMInstallationsJob.disabled=true -Dfile.encoding=utf8 -XX:+UseParallelGC -XX:GCTimeRatio=4 -XX:AdaptiveSizePolicyWeight=90 -Dsun.zip.disableMemoryMapping=true -Xmx2G -Xms100m -Xlog:disable -javaagent:c:\Users\hieuh\.vscode\extensions\redhat.java-1.53.0-win32-x64\lombok\lombok-1.18.39-4050.jar -XX:+HeapDumpOnOutOfMemoryError -XX:HeapDumpPath=c:\Users\hieuh\AppData\Roaming\Code\User\workspaceStorage\5dee26095b770e99aaa785284564fef4\redhat.java -Daether.dependencyCollector.impl=bf c:\Users\hieuh\.vscode\extensions\redhat.java-1.53.0-win32-x64\server\plugins\org.eclipse.equinox.launcher_1.7.100.v20251111-0406.jar -configuration c:\Users\hieuh\AppData\Roaming\Code\User\globalStorage\redhat.java\1.53.0\config_win -data c:\Users\hieuh\AppData\Roaming\Code\User\workspaceStorage\5dee26095b770e99aaa785284564fef4\redhat.java\jdt_ws --pipe=\\.\pipe\lsp-fdb2be0d900a1fe5ce484f6946e2fdeb-sock

Host: AMD Ryzen 9 4900HS with Radeon Graphics         , 16 cores, 15G,  Windows 11 , 64 bit Build 26100 (10.0.26100.7705)
Time: Thu Mar  5 18:36:00 2026 SE Asia Standard Time elapsed time: 13.249541 seconds (0d 0h 0m 13s)

---------------  T H R E A D  ---------------

Current thread (0x0000021169b2f130):  JavaThread "C2 CompilerThread0" daemon [_thread_in_native, id=42472, stack(0x00000030df600000,0x00000030df700000) (1024K)]


Current CompileTask:
C2:13249 9053       4       lombok.eclipse.EclipseAST::drill (80 bytes)

Stack: [0x00000030df600000,0x00000030df700000]
Native frames: (J=compiled Java code, j=interpreted, Vv=VM code, C=native code)
V  [jvm.dll+0x6d7a39]
V  [jvm.dll+0x8b4b26]
V  [jvm.dll+0x8b70de]
V  [jvm.dll+0x8b77c3]
V  [jvm.dll+0x284346]
V  [jvm.dll+0xc66ed]
V  [jvm.dll+0xc6c31]
V  [jvm.dll+0x3bec3b]
V  [jvm.dll+0x1e3f69]
V  [jvm.dll+0x24c6b3]
V  [jvm.dll+0x24bb40]
V  [jvm.dll+0x1cb34e]
V  [jvm.dll+0x25b85d]
V  [jvm.dll+0x259dea]
V  [jvm.dll+0x3f857e]
V  [jvm.dll+0x85f59d]
V  [jvm.dll+0x6d626d]
C  [ucrtbase.dll+0x37b0]
C  [KERNEL32.DLL+0x2e8d7]
C  [ntdll.dll+0x8c40c]


---------------  P R O C E S S  ---------------

Threads class SMR info:
_java_thread_list=0x0000021174097a20, length=56, elements={
0x0000021110d97740, 0x0000021110d1b6e0, 0x0000021110d1c600, 0x0000021110d24740,
0x0000021110d25750, 0x0000021110d2a730, 0x0000021169b25b40, 0x0000021169b2f130,
0x0000021169b5a230, 0x0000021169c54cf0, 0x0000021169e6c390, 0x000002116b407210,
0x000002116bbbf150, 0x0000021170081730, 0x000002116ba393a0, 0x0000021170353860,
0x00000211707c4d90, 0x0000021169c9b800, 0x0000021170436f70, 0x00000211709cfe20,
0x0000021170aa3240, 0x0000021170aa38d0, 0x0000021170aa3f60, 0x0000021170aa2bb0,
0x00000211716d6e80, 0x0000021170aa1800, 0x0000021170aa2520, 0x0000021171383df0,
0x0000021171381690, 0x0000021171382a40, 0x0000021171381d20, 0x0000021171380970,
0x0000021171384480, 0x0000021171381000, 0x0000021171384b10, 0x0000021171383760,
0x00000211713830d0, 0x00000211713851a0, 0x00000211713823b0, 0x0000021171386550,
0x0000021171385830, 0x0000021171385ec0, 0x0000021171386be0, 0x0000021171387270,
0x0000021171387900, 0x0000021171387f90, 0x00000211731abe50, 0x00000211731ad890,
0x00000211731adf20, 0x00000211731ab7c0, 0x00000211731ab130, 0x0000021169e773e0,
0x00000211731b1a30, 0x00000211731aec40, 0x00000211731b0680, 0x00000211731af2d0
}

Java Threads: ( => current thread )
  0x0000021110d97740 JavaThread "main"                              [_thread_blocked, id=48964, stack(0x00000030dec00000,0x00000030ded00000) (1024K)]
  0x0000021110d1b6e0 JavaThread "Reference Handler"          daemon [_thread_blocked, id=43088, stack(0x00000030df000000,0x00000030df100000) (1024K)]
  0x0000021110d1c600 JavaThread "Finalizer"                  daemon [_thread_blocked, id=52624, stack(0x00000030df100000,0x00000030df200000) (1024K)]
  0x0000021110d24740 JavaThread "Signal Dispatcher"          daemon [_thread_blocked, id=38012, stack(0x00000030df200000,0x00000030df300000) (1024K)]
  0x0000021110d25750 JavaThread "Attach Listener"            daemon [_thread_blocked, id=50028, stack(0x00000030df300000,0x00000030df400000) (1024K)]
  0x0000021110d2a730 JavaThread "Service Thread"             daemon [_thread_blocked, id=28352, stack(0x00000030df400000,0x00000030df500000) (1024K)]
  0x0000021169b25b40 JavaThread "Monitor Deflation Thread"   daemon [_thread_blocked, id=46668, stack(0x00000030df500000,0x00000030df600000) (1024K)]
=>0x0000021169b2f130 JavaThread "C2 CompilerThread0"         daemon [_thread_in_native, id=42472, stack(0x00000030df600000,0x00000030df700000) (1024K)]
  0x0000021169b5a230 JavaThread "C1 CompilerThread0"         daemon [_thread_in_vm, id=47256, stack(0x00000030df700000,0x00000030df800000) (1024K)]
  0x0000021169c54cf0 JavaThread "C1 CompilerThread1"         daemon [_thread_in_native, id=52380, stack(0x00000030df800000,0x00000030df900000) (1024K)]
  0x0000021169e6c390 JavaThread "Common-Cleaner"             daemon [_thread_blocked, id=43336, stack(0x00000030dfb00000,0x00000030dfc00000) (1024K)]
  0x000002116b407210 JavaThread "Notification Thread"        daemon [_thread_blocked, id=36012, stack(0x00000030dfd00000,0x00000030dfe00000) (1024K)]
  0x000002116bbbf150 JavaThread "Active Thread: Equinox Container: 0382e646-2446-4046-a71c-e169ab9aa984"        [_thread_blocked, id=45388, stack(0x00000030e0600000,0x00000030e0700000) (1024K)]
  0x0000021170081730 JavaThread "Refresh Thread: Equinox Container: 0382e646-2446-4046-a71c-e169ab9aa984" daemon [_thread_blocked, id=53092, stack(0x00000030e0800000,0x00000030e0900000) (1024K)]
  0x000002116ba393a0 JavaThread "Framework Event Dispatcher: Equinox Container: 0382e646-2446-4046-a71c-e169ab9aa984" daemon [_thread_blocked, id=51812, stack(0x00000030e0900000,0x00000030e0a00000) (1024K)]
  0x0000021170353860 JavaThread "Start Level: Equinox Container: 0382e646-2446-4046-a71c-e169ab9aa984" daemon [_thread_blocked, id=47340, stack(0x00000030e0a00000,0x00000030e0b00000) (1024K)]
  0x00000211707c4d90 JavaThread "Bundle File Closer"         daemon [_thread_blocked, id=42508, stack(0x00000030e0d00000,0x00000030e0e00000) (1024K)]
  0x0000021169c9b800 JavaThread "SCR Component Actor"        daemon [_thread_blocked, id=47140, stack(0x00000030dfa00000,0x00000030dfb00000) (1024K)]
  0x0000021170436f70 JavaThread "C2 CompilerThread1"         daemon [_thread_in_native, id=38476, stack(0x00000030dfe00000,0x00000030dff00000) (1024K)]
  0x00000211709cfe20 JavaThread "Worker-JM"                         [_thread_blocked, id=42320, stack(0x00000030e0f00000,0x00000030e1000000) (1024K)]
  0x0000021170aa3240 JavaThread "JNA Cleaner"                daemon [_thread_blocked, id=40932, stack(0x00000030e0e00000,0x00000030e0f00000) (1024K)]
  0x0000021170aa38d0 JavaThread "Worker-0"                          [_thread_blocked, id=41068, stack(0x00000030e1200000,0x00000030e1300000) (1024K)]
  0x0000021170aa3f60 JavaThread "Worker-1"                          [_thread_blocked, id=40116, stack(0x00000030e1300000,0x00000030e1400000) (1024K)]
  0x0000021170aa2bb0 JavaThread "Worker-2"                          [_thread_blocked, id=16232, stack(0x00000030e1400000,0x00000030e1500000) (1024K)]
  0x00000211716d6e80 JavaThread "C2 CompilerThread2"         daemon [_thread_in_native, id=44928, stack(0x00000030e1500000,0x00000030e1600000) (1024K)]
  0x0000021170aa1800 JavaThread "Java indexing"              daemon [_thread_blocked, id=47552, stack(0x00000030e1600000,0x00000030e1700000) (1024K)]
  0x0000021170aa2520 JavaThread "Worker-3: Validate documents"        [_thread_in_Java, id=44836, stack(0x00000030e1700000,0x00000030e1800000) (1024K)]
  0x0000021171383df0 JavaThread "Worker-4"                          [_thread_blocked, id=48892, stack(0x00000030e1a00000,0x00000030e1b00000) (1024K)]
  0x0000021171381690 JavaThread "Worker-5: Initialize workspace"        [_thread_in_vm, id=44100, stack(0x00000030e1b00000,0x00000030e1c00000) (1024K)]
  0x0000021171382a40 JavaThread "Thread-1"                   daemon [_thread_in_native, id=24348, stack(0x00000030e1c00000,0x00000030e1d00000) (1024K)]
  0x0000021171381d20 JavaThread "Thread-2"                   daemon [_thread_in_native, id=29216, stack(0x00000030e1d00000,0x00000030e1e00000) (1024K)]
  0x0000021171380970 JavaThread "Thread-3"                   daemon [_thread_in_native, id=47640, stack(0x00000030e1e00000,0x00000030e1f00000) (1024K)]
  0x0000021171384480 JavaThread "Thread-4"                   daemon [_thread_in_native, id=52128, stack(0x00000030e1f00000,0x00000030e2000000) (1024K)]
  0x0000021171381000 JavaThread "Thread-5"                   daemon [_thread_in_native, id=25608, stack(0x00000030e2000000,0x00000030e2100000) (1024K)]
  0x0000021171384b10 JavaThread "Thread-6"                   daemon [_thread_in_native, id=47624, stack(0x00000030e2100000,0x00000030e2200000) (1024K)]
  0x0000021171383760 JavaThread "Thread-7"                   daemon [_thread_in_native, id=49788, stack(0x00000030e2200000,0x00000030e2300000) (1024K)]
  0x00000211713830d0 JavaThread "Thread-8"                   daemon [_thread_in_native, id=26808, stack(0x00000030e2300000,0x00000030e2400000) (1024K)]
  0x00000211713851a0 JavaThread "Thread-9"                   daemon [_thread_in_native, id=51492, stack(0x00000030e2400000,0x00000030e2500000) (1024K)]
  0x00000211713823b0 JavaThread "Thread-10"                  daemon [_thread_in_native, id=45300, stack(0x00000030e2500000,0x00000030e2600000) (1024K)]
  0x0000021171386550 JavaThread "Thread-11"                  daemon [_thread_in_native, id=47344, stack(0x00000030e2600000,0x00000030e2700000) (1024K)]
  0x0000021171385830 JavaThread "Thread-12"                  daemon [_thread_in_native, id=40484, stack(0x00000030e2700000,0x00000030e2800000) (1024K)]
  0x0000021171385ec0 JavaThread "Thread-13"                  daemon [_thread_in_native, id=25204, stack(0x00000030e2800000,0x00000030e2900000) (1024K)]
  0x0000021171386be0 JavaThread "Thread-14"                  daemon [_thread_in_native, id=49616, stack(0x00000030e2900000,0x00000030e2a00000) (1024K)]
  0x0000021171387270 JavaThread "Thread-15"                  daemon [_thread_in_native, id=49352, stack(0x00000030e2a00000,0x00000030e2b00000) (1024K)]
  0x0000021171387900 JavaThread "Thread-16"                  daemon [_thread_in_native, id=45920, stack(0x00000030e2b00000,0x00000030e2c00000) (1024K)]
  0x0000021171387f90 JavaThread "Thread-17"                  daemon [_thread_in_native, id=53044, stack(0x00000030e2c00000,0x00000030e2d00000) (1024K)]
  0x00000211731abe50 JavaThread "pool-2-thread-1"                   [_thread_blocked, id=44916, stack(0x00000030e2d00000,0x00000030e2e00000) (1024K)]
  0x00000211731ad890 JavaThread "WorkspaceEventsHandler"            [_thread_blocked, id=40668, stack(0x00000030e2e00000,0x00000030e2f00000) (1024K)]
  0x00000211731adf20 JavaThread "pool-1-thread-1"                   [_thread_blocked, id=48524, stack(0x00000030e2f00000,0x00000030e3000000) (1024K)]
  0x00000211731ab7c0 JavaThread "ForkJoinPool.commonPool-worker-1" daemon [_thread_blocked, id=51464, stack(0x00000030e3100000,0x00000030e3200000) (1024K)]
  0x00000211731ab130 JavaThread "ForkJoinPool.commonPool-worker-2" daemon [_thread_blocked, id=21128, stack(0x00000030e3200000,0x00000030e3300000) (1024K)]
  0x0000021169e773e0 JavaThread "C2 CompilerThread3"         daemon [_thread_in_native, id=51148, stack(0x00000030dfc00000,0x00000030dfd00000) (1024K)]
  0x00000211731b1a30 JavaThread "ForkJoinPool.commonPool-worker-3" daemon [_thread_blocked, id=51488, stack(0x00000030e3000000,0x00000030e3100000) (1024K)]
  0x00000211731aec40 JavaThread "ForkJoinPool.commonPool-worker-4" daemon [_thread_blocked, id=51252, stack(0x00000030e3300000,0x00000030e3400000) (1024K)]
  0x00000211731b0680 JavaThread "ForkJoinPool.commonPool-worker-5" daemon [_thread_blocked, id=45020, stack(0x00000030e3400000,0x00000030e3500000) (1024K)]
  0x00000211731af2d0 JavaThread "ForkJoinPool.commonPool-worker-6" daemon [_thread_blocked, id=6264, stack(0x00000030e3500000,0x00000030e3600000) (1024K)]
Total: 56

Other Threads:
  0x0000021169b24ab0 VMThread "VM Thread"                           [id=2324, stack(0x00000030def00000,0x00000030df000000) (1024K)]
  0x0000021110c0ca00 WatcherThread "VM Periodic Task Thread"        [id=51832, stack(0x00000030dee00000,0x00000030def00000) (1024K)]
  0x0000021110da7710 WorkerThread "GC Thread#0"                     [id=51204, stack(0x00000030ded00000,0x00000030dee00000) (1024K)]
  0x000002116bb43450 WorkerThread "GC Thread#1"                     [id=48532, stack(0x00000030dff00000,0x00000030e0000000) (1024K)]
  0x000002116bb43f60 WorkerThread "GC Thread#2"                     [id=41316, stack(0x00000030e0000000,0x00000030e0100000) (1024K)]
  0x000002116bb430a0 WorkerThread "GC Thread#3"                     [id=43140, stack(0x00000030e0100000,0x00000030e0200000) (1024K)]
  0x000002116bb446c0 WorkerThread "GC Thread#4"                     [id=38396, stack(0x00000030e0200000,0x00000030e0300000) (1024K)]
  0x000002116bb43800 WorkerThread "GC Thread#5"                     [id=47172, stack(0x00000030e0300000,0x00000030e0400000) (1024K)]
  0x000002116bb43bb0 WorkerThread "GC Thread#6"                     [id=45724, stack(0x00000030e0400000,0x00000030e0500000) (1024K)]
  0x000002116bb42cf0 WorkerThread "GC Thread#7"                     [id=43900, stack(0x00000030e0700000,0x00000030e0800000) (1024K)]
  0x00000211703c5d30 WorkerThread "GC Thread#8"                     [id=5860, stack(0x00000030e0500000,0x00000030e0600000) (1024K)]
  0x00000211703c6bf0 WorkerThread "GC Thread#9"                     [id=42228, stack(0x00000030e0b00000,0x00000030e0c00000) (1024K)]
  0x00000211703c3c00 WorkerThread "GC Thread#10"                    [id=48728, stack(0x00000030e0c00000,0x00000030e0d00000) (1024K)]
  0x00000211703c5220 WorkerThread "GC Thread#11"                    [id=41176, stack(0x00000030e1000000,0x00000030e1100000) (1024K)]
  0x00000211703c3fb0 WorkerThread "GC Thread#12"                    [id=46088, stack(0x00000030e1100000,0x00000030e1200000) (1024K)]
Total: 15

Threads with active compile tasks:
C2 CompilerThread0  13277 9053       4       lombok.eclipse.EclipseAST::drill (80 bytes)
C1 CompilerThread0  13277 9555       2       org.apache.felix.scr.impl.manager.AbstractComponentManager::getComponentMetadata (10 bytes)
C1 CompilerThread1  13277 9546   !   3       org.eclipse.jdt.internal.compiler.parser.Scanner::getNextToken0 (3068 bytes)
C2 CompilerThread1  13277 9020   !   4       lombok.core.AST::buildWithField0 (121 bytes)
C2 CompilerThread2  13278 9019       4       lombok.core.AST::buildWithField (21 bytes)
C2 CompilerThread3  13278 9476 %     4       com.google.gson.stream.JsonReader::nextQuotedValue @ 23 (296 bytes)
Total: 6

VM state: not at safepoint (normal execution)

VM Mutex/Monitor currently owned by a thread: None

Heap address: 0x0000000080000000, size: 2048 MB, Compressed Oops mode: 32-bit

CDS archive(s) mapped at: [0x0000021128000000-0x0000021128ba0000-0x0000021128ba0000), size 12189696, SharedBaseAddress: 0x0000021128000000, ArchiveRelocationMode: 1.
Compressed class space mapped at: 0x0000021129000000-0x0000021169000000, reserved size: 1073741824
Narrow klass base: 0x0000021128000000, Narrow klass shift: 0, Narrow klass range: 0x100000000

GC Precious Log:
 CardTable entry size: 512
 CPUs: 16 total, 16 available
 Memory: 15789M
 Large Page Support: Disabled
 NUMA Support: Disabled
 Compressed Oops: Enabled (32-bit)
 Alignments: Space 512K, Generation 512K, Heap 2M
 Heap Min Capacity: 100M
 Heap Initial Capacity: 100M
 Heap Max Capacity: 2G
 Pre-touch: Disabled
 Parallel Workers: 13

Heap:
 PSYoungGen      total 22528K, used 11535K [0x00000000d5580000, 0x00000000d6f80000, 0x0000000100000000)
  eden space 22016K, 52% used [0x00000000d5580000,0x00000000d60c3f98,0x00000000d6b00000)
  from space 512K, 0% used [0x00000000d6f00000,0x00000000d6f00000,0x00000000d6f80000)
  to   space 1536K, 0% used [0x00000000d6c80000,0x00000000d6c80000,0x00000000d6e00000)
 ParOldGen       total 68608K, used 42005K [0x0000000080000000, 0x0000000084300000, 0x00000000d5580000)
  object space 68608K, 61% used [0x0000000080000000,0x00000000829054a8,0x0000000084300000)
 Metaspace       used 59237K, committed 60672K, reserved 1114112K
  class space    used 6325K, committed 6912K, reserved 1048576K

Card table byte_map: [0x0000021110720000,0x0000021110b30000] _byte_map_base: 0x0000021110320000

Marking Bits: (ParMarkBitMap*) 0x00007fff1f283450
 Begin Bits: [0x0000021123230000, 0x0000021125230000)
 End Bits:   [0x0000021125230000, 0x0000021127230000)

Polling page: 0x000002110ebc0000

Metaspace:

Usage:
  Non-class:     51.67 MB used.
      Class:      6.18 MB used.
       Both:     57.85 MB used.

Virtual space:
  Non-class space:       64.00 MB reserved,      52.50 MB ( 82%) committed,  1 nodes.
      Class space:        1.00 GB reserved,       6.75 MB ( <1%) committed,  1 nodes.
             Both:        1.06 GB reserved,      59.25 MB (  5%) committed. 

Chunk freelists:
   Non-Class:  11.15 MB
       Class:  9.12 MB
        Both:  20.28 MB

MaxMetaspaceSize: unlimited
CompressedClassSpaceSize: 1.00 GB
Initial GC threshold: 21.00 MB
Current GC threshold: 97.31 MB
CDS: on
 - commit_granule_bytes: 65536.
 - commit_granule_words: 8192.
 - virtual_space_node_default_size: 8388608.
 - enlarge_chunks_in_place: 1.
 - use_allocation_guard: 0.


Internal statistics:

num_allocs_failed_limit: 9.
num_arena_births: 1064.
num_arena_deaths: 18.
num_vsnodes_births: 2.
num_vsnodes_deaths: 0.
num_space_committed: 948.
num_space_uncommitted: 0.
num_chunks_returned_to_freelist: 29.
num_chunks_taken_from_freelist: 3858.
num_chunk_merges: 12.
num_chunk_splits: 2366.
num_chunks_enlarged: 1334.
num_inconsistent_stats: 0.

CodeHeap 'non-profiled nmethods': size=119168Kb used=4912Kb max_used=5079Kb free=114255Kb
 bounds [0x000002111bb20000, 0x000002111c020000, 0x0000021122f80000]
CodeHeap 'profiled nmethods': size=119104Kb used=19439Kb max_used=20048Kb free=99664Kb
 bounds [0x0000021113f80000, 0x0000021115320000, 0x000002111b3d0000]
CodeHeap 'non-nmethods': size=7488Kb used=1969Kb max_used=3161Kb free=5519Kb
 bounds [0x000002111b3d0000, 0x000002111b6f0000, 0x000002111bb20000]
CodeCache: size=245760Kb, used=26320Kb, max_used=28288Kb, free=219438Kb
 total_blobs=9356, nmethods=8640, adapters=620, full_count=0
Compilation: enabled, stopped_count=0, restarted_count=0

Compilation events (20 events):
Event: 12.218 Thread 0x0000021169c56320 nmethod 9530 0x0000021114a48410 code [0x0000021114a48700, 0x0000021114a49248]
Event: 12.218 Thread 0x0000021169c56320 9534       2       lombok.eclipse.handlers.EclipseHandlerUtil::findCopyableToSetterAnnotations (41 bytes)
Event: 12.218 Thread 0x0000021169b5a230 nmethod 9532 0x00000211145f2a90 code [0x00000211145f2c80, 0x00000211145f2f98]
Event: 12.219 Thread 0x0000021169c54cf0 9535       2       lombok.eclipse.handlers.EclipseHandlerUtil::shouldReturnThis (27 bytes)
Event: 12.219 Thread 0x0000021169b5a230 9536       2       lombok.core.handlers.HandlerUtil::shouldReturnThis0 (119 bytes)
Event: 12.219 Thread 0x0000021169c56320 nmethod 9534 0x00000211140ae290 code [0x00000211140ae460, 0x00000211140ae648]
Event: 12.219 Thread 0x0000021169c54cf0 nmethod 9535 0x0000021114294a10 code [0x0000021114294bc0, 0x0000021114294d58]
Event: 12.219 Thread 0x0000021169c56320 9537       2       jdk.proxy9.$Proxy46::<init> (6 bytes)
Event: 12.219 Thread 0x0000021169c54cf0 9533       2       lombok.core.handlers.HandlerUtil::getJavadocSection (173 bytes)
Event: 12.219 Thread 0x0000021169c56320 nmethod 9537 0x000002111435ba10 code [0x000002111435bbc0, 0x000002111435bda0]
Event: 12.219 Thread 0x0000021169c56320 9538   !   2       jdk.proxy9.$Proxy46::fluent (32 bytes)
Event: 12.219 Thread 0x0000021169b5a230 nmethod 9536 0x00000211148a5090 code [0x00000211148a52e0, 0x00000211148a5868]
Event: 12.219 Thread 0x0000021169b5a230 9539       2       java.lang.invoke.MethodHandle::viewAsType (33 bytes)
Event: 12.220 Thread 0x0000021169b5a230 nmethod 9539 0x0000021114698d90 code [0x0000021114698f40, 0x0000021114699078]
Event: 12.220 Thread 0x0000021169c56320 nmethod 9538 0x000002111417a110 code [0x000002111417a2e0, 0x000002111417a580]
Event: 12.220 Thread 0x0000021169c54cf0 nmethod 9533 0x0000021114830110 code [0x00000211148303e0, 0x0000021114830db8]
Event: 12.228 Thread 0x0000021169c54cf0 9542       3       java.lang.ThreadLocal$ThreadLocalMap::set (133 bytes)
Event: 12.229 Thread 0x0000021169c54cf0 nmethod 9542 0x000002111495d710 code [0x000002111495d9a0, 0x000002111495e5b0]
Event: 12.436 Thread 0x0000021169c54cf0 9543       2       com.google.gson.stream.JsonWriter::push (47 bytes)
Event: 12.437 Thread 0x0000021169b5a230 9544       2       java.nio.HeapByteBuffer::put (12 bytes)

GC Heap History (20 events):
Event: 8.791 GC heap before
{Heap before GC invocations=28 (full 2):
 PSYoungGen      total 24064K, used 24062K [0x00000000d5580000, 0x00000000d7800000, 0x0000000100000000)
  eden space 22016K, 99% used [0x00000000d5580000,0x00000000d6affff8,0x00000000d6b00000)
  from space 2048K, 99% used [0x00000000d6b00000,0x00000000d6cff9c8,0x00000000d6d00000)
  to   space 6656K, 0% used [0x00000000d7180000,0x00000000d7180000,0x00000000d7800000)
 ParOldGen       total 68608K, used 40823K [0x0000000080000000, 0x0000000084300000, 0x00000000d5580000)
  object space 68608K, 59% used [0x0000000080000000,0x00000000827dde60,0x0000000084300000)
 Metaspace       used 51470K, committed 52800K, reserved 1114112K
  class space    used 5525K, committed 6080K, reserved 1048576K
}
Event: 8.792 GC heap after
{Heap after GC invocations=28 (full 2):
 PSYoungGen      total 23040K, used 816K [0x00000000d5580000, 0x00000000d7280000, 0x0000000100000000)
  eden space 22016K, 0% used [0x00000000d5580000,0x00000000d5580000,0x00000000d6b00000)
  from space 1024K, 79% used [0x00000000d7180000,0x00000000d724c010,0x00000000d7280000)
  to   space 2560K, 0% used [0x00000000d6d80000,0x00000000d6d80000,0x00000000d7000000)
 ParOldGen       total 68608K, used 41416K [0x0000000080000000, 0x0000000084300000, 0x00000000d5580000)
  object space 68608K, 60% used [0x0000000080000000,0x0000000082872270,0x0000000084300000)
 Metaspace       used 51470K, committed 52800K, reserved 1114112K
  class space    used 5525K, committed 6080K, reserved 1048576K
}
Event: 10.274 GC heap before
{Heap before GC invocations=29 (full 2):
 PSYoungGen      total 23040K, used 22832K [0x00000000d5580000, 0x00000000d7280000, 0x0000000100000000)
  eden space 22016K, 100% used [0x00000000d5580000,0x00000000d6b00000,0x00000000d6b00000)
  from space 1024K, 79% used [0x00000000d7180000,0x00000000d724c010,0x00000000d7280000)
  to   space 2560K, 0% used [0x00000000d6d80000,0x00000000d6d80000,0x00000000d7000000)
 ParOldGen       total 68608K, used 41416K [0x0000000080000000, 0x0000000084300000, 0x00000000d5580000)
  object space 68608K, 60% used [0x0000000080000000,0x0000000082872270,0x0000000084300000)
 Metaspace       used 53247K, committed 54528K, reserved 1114112K
  class space    used 5728K, committed 6272K, reserved 1048576K
}
Event: 10.275 GC heap after
{Heap after GC invocations=29 (full 2):
 PSYoungGen      total 24576K, used 1156K [0x00000000d5580000, 0x00000000d7200000, 0x0000000100000000)
  eden space 22016K, 0% used [0x00000000d5580000,0x00000000d5580000,0x00000000d6b00000)
  from space 2560K, 45% used [0x00000000d6d80000,0x00000000d6ea1000,0x00000000d7000000)
  to   space 1536K, 0% used [0x00000000d7080000,0x00000000d7080000,0x00000000d7200000)
 ParOldGen       total 68608K, used 41977K [0x0000000080000000, 0x0000000084300000, 0x00000000d5580000)
  object space 68608K, 61% used [0x0000000080000000,0x00000000828fe5b8,0x0000000084300000)
 Metaspace       used 53247K, committed 54528K, reserved 1114112K
  class space    used 5728K, committed 6272K, reserved 1048576K
}
Event: 10.774 GC heap before
{Heap before GC invocations=30 (full 2):
 PSYoungGen      total 24576K, used 23125K [0x00000000d5580000, 0x00000000d7200000, 0x0000000100000000)
  eden space 22016K, 99% used [0x00000000d5580000,0x00000000d6af4420,0x00000000d6b00000)
  from space 2560K, 45% used [0x00000000d6d80000,0x00000000d6ea1000,0x00000000d7000000)
  to   space 1536K, 0% used [0x00000000d7080000,0x00000000d7080000,0x00000000d7200000)
 ParOldGen       total 68608K, used 41977K [0x0000000080000000, 0x0000000084300000, 0x00000000d5580000)
  object space 68608K, 61% used [0x0000000080000000,0x00000000828fe5b8,0x0000000084300000)
 Metaspace       used 54305K, committed 55616K, reserved 1114112K
  class space    used 5851K, committed 6400K, reserved 1048576K
}
Event: 10.775 GC heap after
{Heap after GC invocations=30 (full 2):
 PSYoungGen      total 22528K, used 512K [0x00000000d5580000, 0x00000000d7100000, 0x0000000100000000)
  eden space 22016K, 0% used [0x00000000d5580000,0x00000000d5580000,0x00000000d6b00000)
  from space 512K, 100% used [0x00000000d7080000,0x00000000d7100000,0x00000000d7100000)
  to   space 1024K, 0% used [0x00000000d6f00000,0x00000000d6f00000,0x00000000d7000000)
 ParOldGen       total 68608K, used 42971K [0x0000000080000000, 0x0000000084300000, 0x00000000d5580000)
  object space 68608K, 62% used [0x0000000080000000,0x00000000829f6e20,0x0000000084300000)
 Metaspace       used 54305K, committed 55616K, reserved 1114112K
  class space    used 5851K, committed 6400K, reserved 1048576K
}
Event: 11.065 GC heap before
{Heap before GC invocations=31 (full 2):
 PSYoungGen      total 22528K, used 22528K [0x00000000d5580000, 0x00000000d7100000, 0x0000000100000000)
  eden space 22016K, 100% used [0x00000000d5580000,0x00000000d6b00000,0x00000000d6b00000)
  from space 512K, 100% used [0x00000000d7080000,0x00000000d7100000,0x00000000d7100000)
  to   space 1024K, 0% used [0x00000000d6f00000,0x00000000d6f00000,0x00000000d7000000)
 ParOldGen       total 68608K, used 42971K [0x0000000080000000, 0x0000000084300000, 0x00000000d5580000)
  object space 68608K, 62% used [0x0000000080000000,0x00000000829f6e20,0x0000000084300000)
 Metaspace       used 55677K, committed 56960K, reserved 1114112K
  class space    used 5974K, committed 6528K, reserved 1048576K
}
Event: 11.066 GC heap after
{Heap after GC invocations=31 (full 2):
 PSYoungGen      total 23040K, used 1016K [0x00000000d5580000, 0x00000000d7100000, 0x0000000100000000)
  eden space 22016K, 0% used [0x00000000d5580000,0x00000000d5580000,0x00000000d6b00000)
  from space 1024K, 99% used [0x00000000d6f00000,0x00000000d6ffe040,0x00000000d7000000)
  to   space 1024K, 0% used [0x00000000d7000000,0x00000000d7000000,0x00000000d7100000)
 ParOldGen       total 68608K, used 44487K [0x0000000080000000, 0x0000000084300000, 0x00000000d5580000)
  object space 68608K, 64% used [0x0000000080000000,0x0000000082b71e28,0x0000000084300000)
 Metaspace       used 55677K, committed 56960K, reserved 1114112K
  class space    used 5974K, committed 6528K, reserved 1048576K
}
Event: 11.119 GC heap before
{Heap before GC invocations=32 (full 2):
 PSYoungGen      total 23040K, used 23032K [0x00000000d5580000, 0x00000000d7100000, 0x0000000100000000)
  eden space 22016K, 100% used [0x00000000d5580000,0x00000000d6b00000,0x00000000d6b00000)
  from space 1024K, 99% used [0x00000000d6f00000,0x00000000d6ffe040,0x00000000d7000000)
  to   space 1024K, 0% used [0x00000000d7000000,0x00000000d7000000,0x00000000d7100000)
 ParOldGen       total 68608K, used 44487K [0x0000000080000000, 0x0000000084300000, 0x00000000d5580000)
  object space 68608K, 64% used [0x0000000080000000,0x0000000082b71e28,0x0000000084300000)
 Metaspace       used 55694K, committed 56960K, reserved 1114112K
  class space    used 5974K, committed 6528K, reserved 1048576K
}
Event: 11.120 GC heap after
{Heap after GC invocations=32 (full 2):
 PSYoungGen      total 23040K, used 777K [0x00000000d5580000, 0x00000000d7100000, 0x0000000100000000)
  eden space 22016K, 0% used [0x00000000d5580000,0x00000000d5580000,0x00000000d6b00000)
  from space 1024K, 75% used [0x00000000d7000000,0x00000000d70c2738,0x00000000d7100000)
  to   space 1536K, 0% used [0x00000000d6e00000,0x00000000d6e00000,0x00000000d6f80000)
 ParOldGen       total 68608K, used 45218K [0x0000000080000000, 0x0000000084300000, 0x00000000d5580000)
  object space 68608K, 65% used [0x0000000080000000,0x0000000082c28970,0x0000000084300000)
 Metaspace       used 55694K, committed 56960K, reserved 1114112K
  class space    used 5974K, committed 6528K, reserved 1048576K
}
Event: 11.527 GC heap before
{Heap before GC invocations=33 (full 2):
 PSYoungGen      total 23040K, used 22793K [0x00000000d5580000, 0x00000000d7100000, 0x0000000100000000)
  eden space 22016K, 100% used [0x00000000d5580000,0x00000000d6b00000,0x00000000d6b00000)
  from space 1024K, 75% used [0x00000000d7000000,0x00000000d70c2738,0x00000000d7100000)
  to   space 1536K, 0% used [0x00000000d6e00000,0x00000000d6e00000,0x00000000d6f80000)
 ParOldGen       total 68608K, used 45218K [0x0000000080000000, 0x0000000084300000, 0x00000000d5580000)
  object space 68608K, 65% used [0x0000000080000000,0x0000000082c28970,0x0000000084300000)
 Metaspace       used 57457K, committed 58752K, reserved 1114112K
  class space    used 6156K, committed 6720K, reserved 1048576K
}
Event: 11.529 GC heap after
{Heap after GC invocations=33 (full 2):
 PSYoungGen      total 23552K, used 1533K [0x00000000d5580000, 0x00000000d7080000, 0x0000000100000000)
  eden space 22016K, 0% used [0x00000000d5580000,0x00000000d5580000,0x00000000d6b00000)
  from space 1536K, 99% used [0x00000000d6e00000,0x00000000d6f7f4c8,0x00000000d6f80000)
  to   space 1024K, 0% used [0x00000000d6f80000,0x00000000d6f80000,0x00000000d7080000)
 ParOldGen       total 68608K, used 45926K [0x0000000080000000, 0x0000000084300000, 0x00000000d5580000)
  object space 68608K, 66% used [0x0000000080000000,0x0000000082cd9ae0,0x0000000084300000)
 Metaspace       used 57457K, committed 58752K, reserved 1114112K
  class space    used 6156K, committed 6720K, reserved 1048576K
}
Event: 11.869 GC heap before
{Heap before GC invocations=34 (full 2):
 PSYoungGen      total 23552K, used 23549K [0x00000000d5580000, 0x00000000d7080000, 0x0000000100000000)
  eden space 22016K, 100% used [0x00000000d5580000,0x00000000d6b00000,0x00000000d6b00000)
  from space 1536K, 99% used [0x00000000d6e00000,0x00000000d6f7f4c8,0x00000000d6f80000)
  to   space 1024K, 0% used [0x00000000d6f80000,0x00000000d6f80000,0x00000000d7080000)
 ParOldGen       total 68608K, used 45926K [0x0000000080000000, 0x0000000084300000, 0x00000000d5580000)
  object space 68608K, 66% used [0x0000000080000000,0x0000000082cd9ae0,0x0000000084300000)
 Metaspace       used 57811K, committed 59200K, reserved 1114112K
  class space    used 6190K, committed 6784K, reserved 1048576K
}
Event: 11.871 GC heap after
{Heap after GC invocations=34 (full 2):
 PSYoungGen      total 23040K, used 788K [0x00000000d5580000, 0x00000000d7080000, 0x0000000100000000)
  eden space 22016K, 0% used [0x00000000d5580000,0x00000000d5580000,0x00000000d6b00000)
  from space 1024K, 77% used [0x00000000d6f80000,0x00000000d7045340,0x00000000d7080000)
  to   space 1536K, 0% used [0x00000000d6d80000,0x00000000d6d80000,0x00000000d6f00000)
 ParOldGen       total 68608K, used 47474K [0x0000000080000000, 0x0000000084300000, 0x00000000d5580000)
  object space 68608K, 69% used [0x0000000080000000,0x0000000082e5cb10,0x0000000084300000)
 Metaspace       used 57811K, committed 59200K, reserved 1114112K
  class space    used 6190K, committed 6784K, reserved 1048576K
}
Event: 12.085 GC heap before
{Heap before GC invocations=35 (full 2):
 PSYoungGen      total 23040K, used 22804K [0x00000000d5580000, 0x00000000d7080000, 0x0000000100000000)
  eden space 22016K, 99% used [0x00000000d5580000,0x00000000d6afffd8,0x00000000d6b00000)
  from space 1024K, 77% used [0x00000000d6f80000,0x00000000d7045340,0x00000000d7080000)
  to   space 1536K, 0% used [0x00000000d6d80000,0x00000000d6d80000,0x00000000d6f00000)
 ParOldGen       total 68608K, used 47474K [0x0000000080000000, 0x0000000084300000, 0x00000000d5580000)
  object space 68608K, 69% used [0x0000000080000000,0x0000000082e5cb10,0x0000000084300000)
 Metaspace       used 58369K, committed 59776K, reserved 1114112K
  class space    used 6230K, committed 6848K, reserved 1048576K
}
Event: 12.087 GC heap after
{Heap after GC invocations=35 (full 2):
 PSYoungGen      total 23552K, used 1529K [0x00000000d5580000, 0x00000000d7300000, 0x0000000100000000)
  eden space 22016K, 0% used [0x00000000d5580000,0x00000000d5580000,0x00000000d6b00000)
  from space 1536K, 99% used [0x00000000d6d80000,0x00000000d6efe460,0x00000000d6f00000)
  to   space 4096K, 0% used [0x00000000d6f00000,0x00000000d6f00000,0x00000000d7300000)
 ParOldGen       total 68608K, used 49109K [0x0000000080000000, 0x0000000084300000, 0x00000000d5580000)
  object space 68608K, 71% used [0x0000000080000000,0x0000000082ff5510,0x0000000084300000)
 Metaspace       used 58369K, committed 59776K, reserved 1114112K
  class space    used 6230K, committed 6848K, reserved 1048576K
}
Event: 12.088 GC heap before
{Heap before GC invocations=36 (full 2):
 PSYoungGen      total 23552K, used 1584K [0x00000000d5580000, 0x00000000d7300000, 0x0000000100000000)
  eden space 22016K, 0% used [0x00000000d5580000,0x00000000d558df78,0x00000000d6b00000)
  from space 1536K, 99% used [0x00000000d6d80000,0x00000000d6efe460,0x00000000d6f00000)
  to   space 4096K, 0% used [0x00000000d6f00000,0x00000000d6f00000,0x00000000d7300000)
 ParOldGen       total 68608K, used 49109K [0x0000000080000000, 0x0000000084300000, 0x00000000d5580000)
  object space 68608K, 71% used [0x0000000080000000,0x0000000082ff5510,0x0000000084300000)
 Metaspace       used 58369K, committed 59776K, reserved 1114112K
  class space    used 6230K, committed 6848K, reserved 1048576K
}
Event: 12.089 GC heap after
{Heap after GC invocations=36 (full 2):
 PSYoungGen      total 22528K, used 320K [0x00000000d5580000, 0x00000000d6f80000, 0x0000000100000000)
  eden space 22016K, 0% used [0x00000000d5580000,0x00000000d5580000,0x00000000d6b00000)
  from space 512K, 62% used [0x00000000d6f00000,0x00000000d6f50000,0x00000000d6f80000)
  to   space 1536K, 0% used [0x00000000d6c80000,0x00000000d6c80000,0x00000000d6e00000)
 ParOldGen       total 68608K, used 50606K [0x0000000080000000, 0x0000000084300000, 0x00000000d5580000)
  object space 68608K, 73% used [0x0000000080000000,0x000000008316b9c0,0x0000000084300000)
 Metaspace       used 58369K, committed 59776K, reserved 1114112K
  class space    used 6230K, committed 6848K, reserved 1048576K
}
Event: 12.089 GC heap before
{Heap before GC invocations=37 (full 3):
 PSYoungGen      total 22528K, used 320K [0x00000000d5580000, 0x00000000d6f80000, 0x0000000100000000)
  eden space 22016K, 0% used [0x00000000d5580000,0x00000000d5580000,0x00000000d6b00000)
  from space 512K, 62% used [0x00000000d6f00000,0x00000000d6f50000,0x00000000d6f80000)
  to   space 1536K, 0% used [0x00000000d6c80000,0x00000000d6c80000,0x00000000d6e00000)
 ParOldGen       total 68608K, used 50606K [0x0000000080000000, 0x0000000084300000, 0x00000000d5580000)
  object space 68608K, 73% used [0x0000000080000000,0x000000008316b9c0,0x0000000084300000)
 Metaspace       used 58369K, committed 59776K, reserved 1114112K
  class space    used 6230K, committed 6848K, reserved 1048576K
}
Event: 12.167 GC heap after
{Heap after GC invocations=37 (full 3):
 PSYoungGen      total 22528K, used 0K [0x00000000d5580000, 0x00000000d6f80000, 0x0000000100000000)
  eden space 22016K, 0% used [0x00000000d5580000,0x00000000d5580000,0x00000000d6b00000)
  from space 512K, 0% used [0x00000000d6f00000,0x00000000d6f00000,0x00000000d6f80000)
  to   space 1536K, 0% used [0x00000000d6c80000,0x00000000d6c80000,0x00000000d6e00000)
 ParOldGen       total 68608K, used 42005K [0x0000000080000000, 0x0000000084300000, 0x00000000d5580000)
  object space 68608K, 61% used [0x0000000080000000,0x00000000829054a8,0x0000000084300000)
 Metaspace       used 58369K, committed 59776K, reserved 1114112K
  class space    used 6230K, committed 6848K, reserved 1048576K
}

Dll operation events (10 events):
Event: 0.016 Loaded shared library c:\Users\hieuh\.vscode\extensions\redhat.java-1.53.0-win32-x64\jre\21.0.10-win32-x86_64\bin\java.dll
Event: 0.084 Loaded shared library c:\Users\hieuh\.vscode\extensions\redhat.java-1.53.0-win32-x64\jre\21.0.10-win32-x86_64\bin\zip.dll
Event: 0.107 Loaded shared library C:\Users\hieuh\.vscode\extensions\redhat.java-1.53.0-win32-x64\jre\21.0.10-win32-x86_64\bin\instrument.dll
Event: 0.113 Loaded shared library C:\Users\hieuh\.vscode\extensions\redhat.java-1.53.0-win32-x64\jre\21.0.10-win32-x86_64\bin\net.dll
Event: 0.116 Loaded shared library C:\Users\hieuh\.vscode\extensions\redhat.java-1.53.0-win32-x64\jre\21.0.10-win32-x86_64\bin\nio.dll
Event: 0.119 Loaded shared library C:\Users\hieuh\.vscode\extensions\redhat.java-1.53.0-win32-x64\jre\21.0.10-win32-x86_64\bin\zip.dll
Event: 0.137 Loaded shared library C:\Users\hieuh\.vscode\extensions\redhat.java-1.53.0-win32-x64\jre\21.0.10-win32-x86_64\bin\jimage.dll
Event: 0.211 Loaded shared library c:\Users\hieuh\.vscode\extensions\redhat.java-1.53.0-win32-x64\jre\21.0.10-win32-x86_64\bin\verify.dll
Event: 1.723 Loaded shared library C:\Users\hieuh\AppData\Roaming\Code\User\globalStorage\redhat.java\1.53.0\config_win\org.eclipse.equinox.launcher\org.eclipse.equinox.launcher.win32.win32.x86_64_1.3.0.v20260203-2149\eclipse_11919.dll
Event: 3.397 Loaded shared library C:\Users\hieuh\AppData\Local\Temp\jna-99275031\jna15468308968109311693.dll

Deoptimization events (20 events):
Event: 11.969 Thread 0x00000211731adf20 Uncommon trap: trap_request=0xffffffc6 fr.pc=0x000002111bfd5d10 relative=0x00000000000006d0
Event: 11.969 Thread 0x00000211731adf20 Uncommon trap: reason=bimorphic_or_optimized_type_check action=maybe_recompile pc=0x000002111bfd5d10 method=java.util.HashMap.putVal(ILjava/lang/Object;Ljava/lang/Object;ZZ)Ljava/lang/Object; @ 203 c2
Event: 11.969 Thread 0x00000211731adf20 DEOPT PACKING pc=0x000002111bfd5d10 sp=0x00000030e2ffd460
Event: 11.969 Thread 0x00000211731adf20 DEOPT UNPACKING pc=0x000002111b423aa2 sp=0x00000030e2ffd400 mode 2
Event: 12.018 Thread 0x00000211731adf20 DEOPT PACKING pc=0x0000021114f26b4e sp=0x00000030e2ffdb30
Event: 12.018 Thread 0x00000211731adf20 DEOPT UNPACKING pc=0x000002111b424242 sp=0x00000030e2ffd0b0 mode 0
Event: 12.183 Thread 0x00000211731ab7c0 Uncommon trap: trap_request=0xffffff45 fr.pc=0x000002111be658d4 relative=0x0000000000000854
Event: 12.183 Thread 0x00000211731ab7c0 Uncommon trap: reason=unstable_if action=reinterpret pc=0x000002111be658d4 method=org.eclipse.jdt.internal.core.index.DiskIndex.readStreamChars(Ljava/io/InputStream;)[C @ 1 c2
Event: 12.183 Thread 0x00000211731ab7c0 DEOPT PACKING pc=0x000002111be658d4 sp=0x00000030e31fed70
Event: 12.183 Thread 0x00000211731ab7c0 DEOPT UNPACKING pc=0x000002111b423aa2 sp=0x00000030e31fece8 mode 2
Event: 12.194 Thread 0x0000021170aa2520 Uncommon trap: trap_request=0xffffff45 fr.pc=0x000002111beb01a0 relative=0x0000000000000100
Event: 12.194 Thread 0x0000021170aa2520 Uncommon trap: reason=unstable_if action=reinterpret pc=0x000002111beb01a0 method=java.lang.ThreadLocal$ThreadLocalMap.getEntryAfterMiss(Ljava/lang/ThreadLocal;ILjava/lang/ThreadLocal$ThreadLocalMap$Entry;)Ljava/lang/ThreadLocal$ThreadLocalMap$Entry; @ 30
Event: 12.194 Thread 0x0000021170aa2520 DEOPT PACKING pc=0x000002111beb01a0 sp=0x00000030e17fea90
Event: 12.194 Thread 0x0000021170aa2520 DEOPT UNPACKING pc=0x000002111b423aa2 sp=0x00000030e17fea10 mode 2
Event: 12.197 Thread 0x0000021170aa2520 Uncommon trap: trap_request=0xffffff45 fr.pc=0x000002111c017c48 relative=0x0000000000001648
Event: 12.197 Thread 0x0000021170aa2520 Uncommon trap: reason=unstable_if action=reinterpret pc=0x000002111c017c48 method=org.eclipse.jdt.internal.compiler.parser.Scanner.getNextToken0()Lorg/eclipse/jdt/internal/compiler/parser/TerminalToken; @ 1566 c2
Event: 12.197 Thread 0x0000021170aa2520 DEOPT PACKING pc=0x000002111c017c48 sp=0x00000030e17fea90
Event: 12.197 Thread 0x0000021170aa2520 DEOPT UNPACKING pc=0x000002111b423aa2 sp=0x00000030e17fe9d8 mode 2
Event: 12.251 Thread 0x00000211731b0680 Uncommon trap: trap_request=0xffffff45 fr.pc=0x000002111bd3e190 relative=0x00000000000001f0
Event: 12.251 Thread 0x00000211731af2d0 Uncommon trap: trap_request=0xffffff45 fr.pc=0x000002111bd3e190 relative=0x00000000000001f0

Classes loaded (20 events):
Event: 11.227 Loading class java/util/stream/Nodes$IntFixedNodeBuilder
Event: 11.228 Loading class java/util/stream/Node$Builder$OfInt
Event: 11.228 Loading class java/util/stream/Node$Builder$OfInt done
Event: 11.228 Loading class java/util/stream/Nodes$IntArrayNode
Event: 11.228 Loading class java/util/stream/Nodes$IntArrayNode done
Event: 11.228 Loading class java/util/stream/Nodes$IntFixedNodeBuilder done
Event: 11.228 Loading class java/util/stream/ReferencePipeline$4$1
Event: 11.228 Loading class java/util/stream/ReferencePipeline$4$1 done
Event: 11.374 Loading class java/util/Hashtable$ValueCollection
Event: 11.374 Loading class java/util/Hashtable$ValueCollection done
Event: 11.681 Loading class java/util/regex/Pattern$End
Event: 11.681 Loading class java/util/regex/Pattern$End done
Event: 11.942 Loading class java/lang/StringLatin1$LinesSpliterator
Event: 11.942 Loading class java/lang/StringLatin1$LinesSpliterator done
Event: 12.049 Loading class java/util/concurrent/CompletableFuture$UniApply
Event: 12.050 Loading class java/util/concurrent/CompletableFuture$UniApply done
Event: 12.050 Loading class java/util/concurrent/CompletableFuture$UniExceptionally
Event: 12.051 Loading class java/util/concurrent/CompletableFuture$UniExceptionally done
Event: 12.186 Loading class java/util/Hashtable$KeySet
Event: 12.186 Loading class java/util/Hashtable$KeySet done

Classes unloaded (9 events):
Event: 4.004 Thread 0x0000021169b24ab0 Unloading class 0x00000211291a5400 'java/lang/invoke/LambdaForm$MH+0x00000211291a5400'
Event: 4.004 Thread 0x0000021169b24ab0 Unloading class 0x00000211291a5000 'java/lang/invoke/LambdaForm$MH+0x00000211291a5000'
Event: 4.004 Thread 0x0000021169b24ab0 Unloading class 0x00000211291a4c00 'java/lang/invoke/LambdaForm$MH+0x00000211291a4c00'
Event: 4.004 Thread 0x0000021169b24ab0 Unloading class 0x00000211291a4800 'java/lang/invoke/LambdaForm$MH+0x00000211291a4800'
Event: 4.004 Thread 0x0000021169b24ab0 Unloading class 0x00000211291a4400 'java/lang/invoke/LambdaForm$BMH+0x00000211291a4400'
Event: 4.004 Thread 0x0000021169b24ab0 Unloading class 0x00000211291a4000 'java/lang/invoke/LambdaForm$DMH+0x00000211291a4000'
Event: 4.004 Thread 0x0000021169b24ab0 Unloading class 0x00000211291a2c00 'java/lang/invoke/LambdaForm$DMH+0x00000211291a2c00'
Event: 5.409 Thread 0x0000021169b24ab0 Unloading class 0x0000021129358000 'java/lang/invoke/LambdaForm$MH+0x0000021129358000'
Event: 5.409 Thread 0x0000021169b24ab0 Unloading class 0x0000021129355800 'java/lang/invoke/LambdaForm$MH+0x0000021129355800'

Classes redefined (0 events):
No events

Internal exceptions (20 events):
Event: 12.044 Thread 0x00000211731adf20 Exception <a 'sun/nio/fs/WindowsException'{0x00000000d65f14b0}> (0x00000000d65f14b0) 
thrown [s\src\hotspot\share\prims\jni.cpp, line 520]
Event: 12.044 Thread 0x00000211731adf20 Exception <a 'sun/nio/fs/WindowsException'{0x00000000d65f1ae0}> (0x00000000d65f1ae0) 
thrown [s\src\hotspot\share\prims\jni.cpp, line 520]
Event: 12.045 Thread 0x00000211731adf20 Exception <a 'sun/nio/fs/WindowsException'{0x00000000d65f2d78}> (0x00000000d65f2d78) 
thrown [s\src\hotspot\share\prims\jni.cpp, line 520]
Event: 12.045 Thread 0x00000211731adf20 Exception <a 'sun/nio/fs/WindowsException'{0x00000000d65f3578}> (0x00000000d65f3578) 
thrown [s\src\hotspot\share\prims\jni.cpp, line 520]
Event: 12.045 Thread 0x00000211731adf20 Exception <a 'sun/nio/fs/WindowsException'{0x00000000d65f45c0}> (0x00000000d65f45c0) 
thrown [s\src\hotspot\share\prims\jni.cpp, line 520]
Event: 12.045 Thread 0x00000211731adf20 Exception <a 'sun/nio/fs/WindowsException'{0x00000000d65f4dc0}> (0x00000000d65f4dc0) 
thrown [s\src\hotspot\share\prims\jni.cpp, line 520]
Event: 12.048 Thread 0x00000211731adf20 Exception <a 'java/lang/IncompatibleClassChangeError'{0x00000000d6616ff8}: Found class java.lang.Object, but interface was expected> (0x00000000d6616ff8) 
thrown [s\src\hotspot\share\interpreter\linkResolver.cpp, line 840]
Event: 12.063 Thread 0x00000211731adf20 Exception <a 'java/lang/IncompatibleClassChangeError'{0x00000000d672ad98}: Found class java.lang.Object, but interface was expected> (0x00000000d672ad98) 
thrown [s\src\hotspot\share\interpreter\linkResolver.cpp, line 840]
Event: 12.189 Thread 0x0000021171381690 Exception <a 'java/io/FileNotFoundException'{0x00000000d58f2698}> (0x00000000d58f2698) 
thrown [s\src\hotspot\share\prims\jni.cpp, line 520]
Event: 12.189 Thread 0x0000021171381690 Exception <a 'java/io/FileNotFoundException'{0x00000000d58f3768}> (0x00000000d58f3768) 
thrown [s\src\hotspot\share\prims\jni.cpp, line 520]
Event: 12.189 Thread 0x0000021171381690 Exception <a 'java/io/FileNotFoundException'{0x00000000d58f44c0}> (0x00000000d58f44c0) 
thrown [s\src\hotspot\share\prims\jni.cpp, line 520]
Event: 12.221 Thread 0x00000211731adf20 Exception <a 'java/lang/IncompatibleClassChangeError'{0x00000000d5c49a40}: Found class java.lang.Object, but interface was expected> (0x00000000d5c49a40) 
thrown [s\src\hotspot\share\interpreter\linkResolver.cpp, line 840]
Event: 12.222 Thread 0x00000211731adf20 Exception <a 'java/lang/IncompatibleClassChangeError'{0x00000000d5c53930}: Found class java.lang.Object, but interface was expected> (0x00000000d5c53930) 
thrown [s\src\hotspot\share\interpreter\linkResolver.cpp, line 840]
Event: 12.224 Thread 0x00000211731adf20 Exception <a 'java/lang/IncompatibleClassChangeError'{0x00000000d5c5e428}: Found class java.lang.Object, but interface was expected> (0x00000000d5c5e428) 
thrown [s\src\hotspot\share\interpreter\linkResolver.cpp, line 840]
Event: 12.227 Thread 0x0000021171381690 Exception <a 'sun/nio/fs/WindowsException'{0x00000000d5e90100}> (0x00000000d5e90100) 
thrown [s\src\hotspot\share\prims\jni.cpp, line 520]
Event: 12.227 Thread 0x0000021171381690 Exception <a 'sun/nio/fs/WindowsException'{0x00000000d5e90900}> (0x00000000d5e90900) 
thrown [s\src\hotspot\share\prims\jni.cpp, line 520]
Event: 12.228 Thread 0x0000021171381690 Exception <a 'sun/nio/fs/WindowsException'{0x00000000d5ea19f8}> (0x00000000d5ea19f8) 
thrown [s\src\hotspot\share\prims\jni.cpp, line 520]
Event: 12.228 Thread 0x0000021171381690 Exception <a 'sun/nio/fs/WindowsException'{0x00000000d5ea21f8}> (0x00000000d5ea21f8) 
thrown [s\src\hotspot\share\prims\jni.cpp, line 520]
Event: 12.234 Thread 0x0000021171381690 Exception <a 'java/io/FileNotFoundException'{0x00000000d5f15750}> (0x00000000d5f15750) 
thrown [s\src\hotspot\share\prims\jni.cpp, line 520]
Event: 12.234 Thread 0x0000021171381690 Exception <a 'java/io/FileNotFoundException'{0x00000000d5f164d0}> (0x00000000d5f164d0) 
thrown [s\src\hotspot\share\prims\jni.cpp, line 520]

ZGC Phase Switch (0 events):
No events

VM Operations (20 events):
Event: 10.275 Executing safepoint VM operation: ParallelGCFailedAllocation (Allocation Failure) done
Event: 10.774 Executing safepoint VM operation: ParallelGCFailedAllocation (Allocation Failure)
Event: 10.775 Executing safepoint VM operation: ParallelGCFailedAllocation (Allocation Failure) done
Event: 11.064 Executing safepoint VM operation: ParallelGCFailedAllocation (Allocation Failure)
Event: 11.066 Executing safepoint VM operation: ParallelGCFailedAllocation (Allocation Failure) done
Event: 11.119 Executing safepoint VM operation: ParallelGCFailedAllocation (Allocation Failure)
Event: 11.120 Executing safepoint VM operation: ParallelGCFailedAllocation (Allocation Failure) done
Event: 11.213 Executing non-safepoint VM operation: HandshakeAllThreads (Deoptimize)
Event: 11.213 Executing non-safepoint VM operation: HandshakeAllThreads (Deoptimize) done
Event: 11.497 Executing safepoint VM operation: ICBufferFull
Event: 11.498 Executing safepoint VM operation: ICBufferFull done
Event: 11.527 Executing safepoint VM operation: ParallelGCFailedAllocation (Allocation Failure)
Event: 11.530 Executing safepoint VM operation: ParallelGCFailedAllocation (Allocation Failure) done
Event: 11.869 Executing safepoint VM operation: ParallelGCFailedAllocation (Allocation Failure)
Event: 11.871 Executing safepoint VM operation: ParallelGCFailedAllocation (Allocation Failure) done
Event: 12.085 Executing safepoint VM operation: ParallelGCFailedAllocation (Allocation Failure)
Event: 12.087 Executing safepoint VM operation: ParallelGCFailedAllocation (Allocation Failure) done
Event: 12.087 Executing safepoint VM operation: CollectForMetadataAllocation (Metadata GC Threshold)
Event: 12.167 Executing safepoint VM operation: CollectForMetadataAllocation (Metadata GC Threshold) done
Event: 13.168 Executing safepoint VM operation: Cleanup

Memory protections (0 events):
No events

Nmethod flushes (20 events):
Event: 12.128 Thread 0x0000021169b24ab0 flushing  nmethod 0x000002111495d710
Event: 12.128 Thread 0x0000021169b24ab0 flushing  nmethod 0x0000021114960d10
Event: 12.128 Thread 0x0000021169b24ab0 flushing  nmethod 0x0000021114967c10
Event: 12.128 Thread 0x0000021169b24ab0 flushing  nmethod 0x000002111496c110
Event: 12.128 Thread 0x0000021169b24ab0 flushing  nmethod 0x00000211149bad10
Event: 12.128 Thread 0x0000021169b24ab0 flushing osr nmethod 0x00000211149c7290
Event: 12.128 Thread 0x0000021169b24ab0 flushing  nmethod 0x0000021114a16510
Event: 12.128 Thread 0x0000021169b24ab0 flushing  nmethod 0x0000021114a1c710
Event: 12.128 Thread 0x0000021169b24ab0 flushing  nmethod 0x0000021114a3fa90
Event: 12.128 Thread 0x0000021169b24ab0 flushing  nmethod 0x0000021114a45c10
Event: 12.128 Thread 0x0000021169b24ab0 flushing  nmethod 0x0000021114a47190
Event: 12.128 Thread 0x0000021169b24ab0 flushing  nmethod 0x0000021114a48410
Event: 12.128 Thread 0x0000021169b24ab0 flushing  nmethod 0x0000021114a4bd10
Event: 12.128 Thread 0x0000021169b24ab0 flushing  nmethod 0x0000021114a4c410
Event: 12.128 Thread 0x0000021169b24ab0 flushing  nmethod 0x0000021114a4ca10
Event: 12.128 Thread 0x0000021169b24ab0 flushing  nmethod 0x0000021114a4d910
Event: 12.128 Thread 0x0000021169b24ab0 flushing  nmethod 0x0000021114a4e190
Event: 12.128 Thread 0x0000021169b24ab0 flushing  nmethod 0x0000021114a4e510
Event: 12.128 Thread 0x0000021169b24ab0 flushing  nmethod 0x0000021114a4fc90
Event: 12.128 Thread 0x0000021169b24ab0 flushing  nmethod 0x0000021114a6eb90

Events (20 events):
Event: 5.348 Thread 0x0000021110d97740 Thread added: 0x0000021171385ec0
Event: 5.348 Thread 0x0000021110d97740 Thread added: 0x0000021171386be0
Event: 5.348 Thread 0x0000021110d97740 Thread added: 0x0000021171387270
Event: 5.348 Thread 0x0000021110d97740 Thread added: 0x0000021171387900
Event: 5.349 Thread 0x0000021110d97740 Thread added: 0x0000021171387f90
Event: 5.443 Thread 0x0000021110d97740 Thread added: 0x00000211731abe50
Event: 5.846 Thread 0x0000021110d97740 Thread added: 0x00000211731ad890
Event: 5.847 Thread 0x0000021110d97740 Thread added: 0x00000211731adf20
Event: 7.099 Thread 0x0000021169e773e0 Thread added: 0x0000021173017f00
Event: 8.009 Thread 0x0000021170aa2520 Thread added: 0x00000211731ab7c0
Event: 8.009 Thread 0x00000211731ab7c0 Thread added: 0x00000211731ab130
Event: 9.397 Thread 0x0000021169e773e0 Thread exited: 0x0000021169e773e0
Event: 9.397 Thread 0x0000021169c56320 Thread exited: 0x0000021169c56320
Event: 10.254 Thread 0x0000021169b5a230 Thread added: 0x0000021169c56320
Event: 10.872 Thread 0x0000021173017f00 Thread exited: 0x0000021173017f00
Event: 11.080 Thread 0x00000211716d6e80 Thread added: 0x0000021169e773e0
Event: 12.076 Thread 0x00000211731ab7c0 Thread added: 0x00000211731b1a30
Event: 12.224 Thread 0x00000211731adf20 Thread added: 0x00000211731aec40
Event: 12.225 Thread 0x00000211731adf20 Thread added: 0x00000211731b0680
Event: 12.226 Thread 0x00000211731adf20 Thread added: 0x00000211731af2d0


Dynamic libraries:
0x00007ff780390000 - 0x00007ff78039e000 	c:\Users\hieuh\.vscode\extensions\redhat.java-1.53.0-win32-x64\jre\21.0.10-win32-x86_64\bin\java.exe
0x00007fffd49e0000 - 0x00007fffd4c48000 	C:\WINDOWS\SYSTEM32\ntdll.dll
0x00007fffd34d0000 - 0x00007fffd3599000 	C:\WINDOWS\System32\KERNEL32.DLL
0x00007fffd1e80000 - 0x00007fffd2271000 	C:\WINDOWS\System32\KERNELBASE.dll
0x00007fffce6e0000 - 0x00007fffce77e000 	C:\WINDOWS\SYSTEM32\apphelp.dll
0x00007fffd2580000 - 0x00007fffd26cb000 	C:\WINDOWS\System32\ucrtbase.dll
0x00007fffc3550000 - 0x00007fffc356e000 	c:\Users\hieuh\.vscode\extensions\redhat.java-1.53.0-win32-x64\jre\21.0.10-win32-x86_64\bin\VCRUNTIME140.dll
0x00007fffa2b40000 - 0x00007fffa2b58000 	c:\Users\hieuh\.vscode\extensions\redhat.java-1.53.0-win32-x64\jre\21.0.10-win32-x86_64\bin\jli.dll
0x00007fffd30d0000 - 0x00007fffd3296000 	C:\WINDOWS\System32\USER32.dll
0x00007fffbd100000 - 0x00007fffbd393000 	C:\WINDOWS\WinSxS\amd64_microsoft.windows.common-controls_6595b64144ccf1df_6.0.26100.7824_none_3e0870b2e3345462\COMCTL32.dll
0x00007fffd2550000 - 0x00007fffd2577000 	C:\WINDOWS\System32\win32u.dll
0x00007fffd4890000 - 0x00007fffd4939000 	C:\WINDOWS\System32\msvcrt.dll
0x00007fffd2e30000 - 0x00007fffd2e5b000 	C:\WINDOWS\System32\GDI32.dll
0x00007fffd12c0000 - 0x00007fffd13eb000 	C:\WINDOWS\System32\gdi32full.dll
0x00007fffd1dd0000 - 0x00007fffd1e73000 	C:\WINDOWS\System32\msvcp_win.dll
0x00007fffd4850000 - 0x00007fffd4881000 	C:\WINDOWS\System32\IMM32.DLL
0x00007fffce6d0000 - 0x00007fffce6dc000 	c:\Users\hieuh\.vscode\extensions\redhat.java-1.53.0-win32-x64\jre\21.0.10-win32-x86_64\bin\vcruntime140_1.dll
0x00007fff9f8a0000 - 0x00007fff9f92d000 	c:\Users\hieuh\.vscode\extensions\redhat.java-1.53.0-win32-x64\jre\21.0.10-win32-x86_64\bin\msvcp140.dll
0x00007fff1e5c0000 - 0x00007fff1f361000 	c:\Users\hieuh\.vscode\extensions\redhat.java-1.53.0-win32-x64\jre\21.0.10-win32-x86_64\bin\server\jvm.dll
0x00007fffd35a0000 - 0x00007fffd3654000 	C:\WINDOWS\System32\ADVAPI32.dll
0x00007fffd3c90000 - 0x00007fffd3d36000 	C:\WINDOWS\System32\sechost.dll
0x00007fffd4660000 - 0x00007fffd4778000 	C:\WINDOWS\System32\RPCRT4.dll
0x00007fffd2ee0000 - 0x00007fffd2f54000 	C:\WINDOWS\System32\WS2_32.dll
0x00007fffd1120000 - 0x00007fffd117e000 	C:\WINDOWS\SYSTEM32\POWRPROF.dll
0x00007fffc9bd0000 - 0x00007fffc9bdb000 	C:\WINDOWS\SYSTEM32\VERSION.dll
0x00007fffceb60000 - 0x00007fffceb95000 	C:\WINDOWS\SYSTEM32\WINMM.dll
0x00007fffd1100000 - 0x00007fffd1114000 	C:\WINDOWS\SYSTEM32\UMPDC.dll
0x00007fffd0060000 - 0x00007fffd007b000 	C:\WINDOWS\SYSTEM32\kernel.appcore.dll
0x00007fffbcda0000 - 0x00007fffbcdaa000 	c:\Users\hieuh\.vscode\extensions\redhat.java-1.53.0-win32-x64\jre\21.0.10-win32-x86_64\bin\jimage.dll
0x00007fffce910000 - 0x00007fffceb52000 	C:\WINDOWS\SYSTEM32\DBGHELP.DLL
0x00007fffd2780000 - 0x00007fffd2b06000 	C:\WINDOWS\System32\combase.dll
0x00007fffd33c0000 - 0x00007fffd3497000 	C:\WINDOWS\System32\OLEAUT32.dll
0x00007fffce8d0000 - 0x00007fffce90b000 	C:\WINDOWS\SYSTEM32\dbgcore.DLL
0x00007fffd26d0000 - 0x00007fffd2775000 	C:\WINDOWS\System32\bcryptPrimitives.dll
0x00007fffb88f0000 - 0x00007fffb88ff000 	c:\Users\hieuh\.vscode\extensions\redhat.java-1.53.0-win32-x64\jre\21.0.10-win32-x86_64\bin\instrument.dll
0x00007fffa2b20000 - 0x00007fffa2b40000 	c:\Users\hieuh\.vscode\extensions\redhat.java-1.53.0-win32-x64\jre\21.0.10-win32-x86_64\bin\java.dll
0x00007fffd3f00000 - 0x00007fffd4652000 	C:\WINDOWS\System32\SHELL32.dll
0x00007fffd1c60000 - 0x00007fffd1dca000 	C:\WINDOWS\System32\wintypes.dll
0x00007fffd13f0000 - 0x00007fffd1c53000 	C:\WINDOWS\System32\windows.storage.dll
0x00007fffd3e00000 - 0x00007fffd3ef6000 	C:\WINDOWS\System32\SHCORE.dll
0x00007fffd3d90000 - 0x00007fffd3df7000 	C:\WINDOWS\System32\shlwapi.dll
0x00007fffd11e0000 - 0x00007fffd1209000 	C:\WINDOWS\SYSTEM32\profapi.dll
0x00007fff9fec0000 - 0x00007fff9fed8000 	c:\Users\hieuh\.vscode\extensions\redhat.java-1.53.0-win32-x64\jre\21.0.10-win32-x86_64\bin\zip.dll
0x00007fffb8680000 - 0x00007fffb8690000 	C:\Users\hieuh\.vscode\extensions\redhat.java-1.53.0-win32-x64\jre\21.0.10-win32-x86_64\bin\net.dll
0x00007fffc7450000 - 0x00007fffc7577000 	C:\WINDOWS\SYSTEM32\WINHTTP.dll
0x00007fffd05d0000 - 0x00007fffd063b000 	C:\WINDOWS\system32\mswsock.dll
0x00007fff9fea0000 - 0x00007fff9feb6000 	C:\Users\hieuh\.vscode\extensions\redhat.java-1.53.0-win32-x64\jre\21.0.10-win32-x86_64\bin\nio.dll
0x00007fffb6320000 - 0x00007fffb6330000 	c:\Users\hieuh\.vscode\extensions\redhat.java-1.53.0-win32-x64\jre\21.0.10-win32-x86_64\bin\verify.dll
0x00007fff9f850000 - 0x00007fff9f895000 	C:\Users\hieuh\AppData\Roaming\Code\User\globalStorage\redhat.java\1.53.0\config_win\org.eclipse.equinox.launcher\org.eclipse.equinox.launcher.win32.win32.x86_64_1.3.0.v20260203-2149\eclipse_11919.dll
0x00007fffd3660000 - 0x00007fffd37f7000 	C:\WINDOWS\System32\ole32.dll
0x00007fffd08b0000 - 0x00007fffd08cb000 	C:\WINDOWS\SYSTEM32\CRYPTSP.dll
0x00007fffcffc0000 - 0x00007fffcfff9000 	C:\WINDOWS\system32\rsaenh.dll
0x00007fffd0680000 - 0x00007fffd06ab000 	C:\WINDOWS\SYSTEM32\USERENV.dll
0x00007fffd11b0000 - 0x00007fffd11da000 	C:\WINDOWS\SYSTEM32\bcrypt.dll
0x00007fffd08a0000 - 0x00007fffd08ac000 	C:\WINDOWS\SYSTEM32\CRYPTBASE.dll
0x00007fffcfa90000 - 0x00007fffcfac4000 	C:\WINDOWS\SYSTEM32\IPHLPAPI.DLL
0x00007fffd2e00000 - 0x00007fffd2e0a000 	C:\WINDOWS\System32\NSI.dll
0x00007fffa0a60000 - 0x00007fffa0aa9000 	C:\Users\hieuh\AppData\Local\Temp\jna-99275031\jna15468308968109311693.dll
0x00007fffd33b0000 - 0x00007fffd33b8000 	C:\WINDOWS\System32\PSAPI.DLL
0x00007fffc9910000 - 0x00007fffc992e000 	C:\WINDOWS\SYSTEM32\dhcpcsvc6.DLL
0x00007fffc7670000 - 0x00007fffc7693000 	C:\WINDOWS\SYSTEM32\dhcpcsvc.DLL

JVMTI agents:
c:\Users\hieuh\.vscode\extensions\redhat.java-1.53.0-win32-x64\lombok\lombok-1.18.39-4050.jar path:c:\Users\hieuh\.vscode\extensions\redhat.java-1.53.0-win32-x64\jre\21.0.10-win32-x86_64\bin\instrument.dll, loaded, initialized, instrumentlib options:none

dbghelp: loaded successfully - version: 4.0.5 - missing functions: none
symbol engine: initialized successfully - sym options: 0x614 - pdb path: .;c:\Users\hieuh\.vscode\extensions\redhat.java-1.53.0-win32-x64\jre\21.0.10-win32-x86_64\bin;C:\WINDOWS\SYSTEM32;C:\WINDOWS\WinSxS\amd64_microsoft.windows.common-controls_6595b64144ccf1df_6.0.26100.7824_none_3e0870b2e3345462;c:\Users\hieuh\.vscode\extensions\redhat.java-1.53.0-win32-x64\jre\21.0.10-win32-x86_64\bin\server;C:\Users\hieuh\AppData\Roaming\Code\User\globalStorage\redhat.java\1.53.0\config_win\org.eclipse.equinox.launcher\org.eclipse.equinox.launcher.win32.win32.x86_64_1.3.0.v20260203-2149;C:\Users\hieuh\AppData\Local\Temp\jna-99275031

VM Arguments:
jvm_args: --add-modules=ALL-SYSTEM --add-opens=java.base/java.util=ALL-UNNAMED --add-opens=java.base/java.lang=ALL-UNNAMED --add-opens=java.base/sun.nio.fs=ALL-UNNAMED -Declipse.application=org.eclipse.jdt.ls.core.id1 -Dosgi.bundles.defaultStartLevel=4 -Declipse.product=org.eclipse.jdt.ls.core.product -Djava.import.generatesMetadataFilesAtProjectRoot=false -DDetectVMInstallationsJob.disabled=true -Dfile.encoding=utf8 -XX:+UseParallelGC -XX:GCTimeRatio=4 -XX:AdaptiveSizePolicyWeight=90 -Dsun.zip.disableMemoryMapping=true -Xmx2G -Xms100m -Xlog:disable -javaagent:c:\Users\hieuh\.vscode\extensions\redhat.java-1.53.0-win32-x64\lombok\lombok-1.18.39-4050.jar -XX:+HeapDumpOnOutOfMemoryError -XX:HeapDumpPath=c:\Users\hieuh\AppData\Roaming\Code\User\workspaceStorage\5dee26095b770e99aaa785284564fef4\redhat.java -Daether.dependencyCollector.impl=bf 
java_command: c:\Users\hieuh\.vscode\extensions\redhat.java-1.53.0-win32-x64\server\plugins\org.eclipse.equinox.launcher_1.7.100.v20251111-0406.jar -configuration c:\Users\hieuh\AppData\Roaming\Code\User\globalStorage\redhat.java\1.53.0\config_win -data c:\Users\hieuh\AppData\Roaming\Code\User\workspaceStorage\5dee26095b770e99aaa785284564fef4\redhat.java\jdt_ws --pipe=\\.\pipe\lsp-fdb2be0d900a1fe5ce484f6946e2fdeb-sock
java_class_path (initial): c:\Users\hieuh\.vscode\extensions\redhat.java-1.53.0-win32-x64\server\plugins\org.eclipse.equinox.launcher_1.7.100.v20251111-0406.jar
Launcher Type: SUN_STANDARD

[Global flags]
    uintx AdaptiveSizePolicyWeight                 = 90                                        {product} {command line}
     intx CICompilerCount                          = 12                                        {product} {ergonomic}
    uintx GCTimeRatio                              = 4                                         {product} {command line}
     bool HeapDumpOnOutOfMemoryError               = true                                   {manageable} {command line}
    ccstr HeapDumpPath                             = c:\Users\hieuh\AppData\Roaming\Code\User\workspaceStorage\5dee26095b770e99aaa785284564fef4\redhat.java         {manageable} {command line}
   size_t InitialHeapSize                          = 104857600                                 {product} {command line}
   size_t MaxHeapSize                              = 2147483648                                {product} {command line}
   size_t MaxNewSize                               = 715653120                                 {product} {ergonomic}
   size_t MinHeapDeltaBytes                        = 524288                                    {product} {ergonomic}
   size_t MinHeapSize                              = 104857600                                 {product} {command line}
   size_t NewSize                                  = 34603008                                  {product} {ergonomic}
    uintx NonNMethodCodeHeapSize                   = 7602480                                {pd product} {ergonomic}
    uintx NonProfiledCodeHeapSize                  = 122027880                              {pd product} {ergonomic}
   size_t OldSize                                  = 70254592                                  {product} {ergonomic}
    uintx ProfiledCodeHeapSize                     = 122027880                              {pd product} {ergonomic}
    uintx ReservedCodeCacheSize                    = 251658240                              {pd product} {ergonomic}
     bool SegmentedCodeCache                       = true                                      {product} {ergonomic}
   size_t SoftMaxHeapSize                          = 2147483648                             {manageable} {ergonomic}
     bool UseCompressedOops                        = true                           {product lp64_product} {ergonomic}
     bool UseLargePagesIndividualAllocation        = false                                  {pd product} {ergonomic}
     bool UseParallelGC                            = true                                      {product} {command line}

Logging:
Log output configuration:
 #0: stdout all=off uptime,level,tags foldmultilines=false
 #1: stderr all=off uptime,level,tags foldmultilines=false

Release file:
JAVA_VERSION="21.0.10" 
MODULES="java.base java.compiler java.datatransfer java.xml java.prefs java.desktop java.instrument java.logging java.management java.security.sasl java.naming java.rmi java.management.rmi java.net.http java.scripting java.security.jgss java.transaction.xa java.sql java.sql.rowset java.xml.crypto java.se java.smartcardio jdk.accessibility jdk.internal.jvmstat jdk.attach jdk.charsets jdk.internal.opt jdk.zipfs jdk.compiler jdk.crypto.ec jdk.crypto.cryptoki jdk.crypto.mscapi jdk.dynalink jdk.internal.ed jdk.editpad jdk.hotspot.agent jdk.httpserver jdk.internal.le jdk.internal.vm.ci jdk.internal.vm.compiler jdk.internal.vm.compiler.management jdk.jartool jdk.javadoc jdk.jcmd jdk.management jdk.management.agent jdk.jconsole jdk.jdeps jdk.jdwp.agent jdk.jdi jdk.jfr jdk.jshell jdk.jsobject jdk.jstatd jdk.localedata jdk.management.jfr jdk.naming.dns jdk.naming.rmi jdk.net jdk.nio.mapmode jdk.random jdk.sctp jdk.security.auth jdk.security.jgss jdk.unsupported jdk.unsupported.desktop jdk.xml.dom" 

Environment Variables:
JAVA_HOME=C:\Program Files\Eclipse Adoptium\jdk-21.0.8.9-hotspot\
PATH=C:\Users\hieuh\AppData\Local\Programs\Python\Python311;C:\Users\hieuh\AppData\Local\Programs\Python\Python311\Scripts;C:\Program Files\Eclipse Adoptium\jdk-21.0.8.9-hotspot\bin;C:\Program Files\Microsoft MPI\Bin\;c:\Users\hieuh\AppData\Local\Programs\cursor\resources\app\bin;C:\Program Files (x86)\VMware\VMware Workstation\bin\;C:\Windows\system32;C:\Windows;C:\Windows\System32\Wbem;C:\Windows\System32\WindowsPowerShell\v1.0\;C:\Windows\System32\OpenSSH\;C:\Program Files\dotnet\;C:\Program Files\Microsoft SQL Server\Client SDK\ODBC\170\Tools\Binn\;C:\Program Files (x86)\Windows Kits\10\Windows Performance Toolkit\;C:\mingw64\mingw64\bin;C:\Program Files\NVIDIA Corporation\NVIDIA app\NvDLISR;C:\Program Files (x86)\NVIDIA Corporation\PhysX\Common;C:\Users\hieuh\AppData\Local\Microsoft\WindowsApps;C:\Users\hieuh\AppData\Local\GitHubDesktop\bin;C:\Users\hieuh\.dotnet\tools;C:\Users\hieuh\Downloads\winlibs-x86_64-posix-seh-gcc-12.1.0-mingw-w64msvcrt-10.0.0-r3.zip\mingw64\bin;C:\Program Files (x86)\Microsoft SQL Server\160\Tools\Binn\;C:\Program Files\Microsoft SQL Server\160\Tools\Binn\;C:\Program Files\Microsoft SQL Server\160\DTS\Binn\;C:\Program Files\Git\cmd;C:\Program Files (x86)\Microsoft SQL Server\160\DTS\Binn\;C:\WINDOWS\system32;C:\WINDOWS;C:\WINDOWS\System32\Wbem;C:\WINDOWS\System32\WindowsPowerShell\v1.0\;C:\WINDOWS\System32\OpenSSH\;C:\Program Files\nodejs\;C:\Program Files\nodejs\;C:\Program Files\PostgreSQL\17\bin;C:\Users\hieuh\Downloads\apache-maven-3.9.11\bin;C:\Users\hieuh\Downloads\apache-maven-3.9.11\bin;C:\Program Files\Docker\Docker\resources\bin;C:\Program Files\Cloudflare\Cloudflare WARP\;C:\Users\hieuh\Downloads\apache-maven-3.9.11\bin;C:\Users\hieuh\AppData\Local\Android\Sdk;C:\Users\hieuh\AppData\Local\Android\Sdk\platform-tools;C:\Users\hieuh\AppData\Local\Android\Sdk\tools;C:\Users\hieuh\AppData\Local\Android\Sdk\tools\bin;C:\Users\hieuh\AppData\Local\Android\Sdk\emulator;C:\Users\hieuh\AppData\Local\Programs\Eclipse Adoptium\jdk-17.0.15.6-hotspot\bin;C:\Users\hieuh\Downloads\apache-maven-3.9.12-bin\apache-maven-3.9.12\bin;C:\Users\hieuh\AppData\Local\Programs\Python\Python311\Scripts\;C:\Users\hieuh\AppData\Local\Programs\Python\Python311\;C:\Users\hieuh\AppData\Local\pnpm;C:\Users\hieuh\AppData\Local\Microsoft\WindowsApps;C:\Users\hieuh\AppData\Local\GitHubDesktop\bin;C:\Users\hieuh\.dotnet\tools;C:\Users\hieuh\Downloads\winlibs-x86_64-posix-seh-gcc-12.1.0-mingw-w64msvcrt-10.0.0-r3.zip\mingw64\bin;C:\Users\hieuh\AppData\Roaming\npm;C:\Program Files\JetBrains\IntelliJ IDEA 2025.3.2\bin;D:\ANT\apache-ant-1.10.15\bin;C:\Program Files\JetBrains\IntelliJ IDEA Community Edition 2025.1.1.1\bin;;C:\Users\hieuh\AppData\Local\Programs\cursor\resources\app\bin;C:\Users\hieuh\AppData\Local\Programs\Microsoft VS Code\bin;
USERNAME=hieuh
OS=Windows_NT
PROCESSOR_IDENTIFIER=AMD64 Family 23 Model 96 Stepping 1, AuthenticAMD
TMP=C:\Users\hieuh\AppData\Local\Temp
TEMP=C:\Users\hieuh\AppData\Local\Temp




Periodic native trim disabled

---------------  S Y S T E M  ---------------

OS:
 Windows 11 , 64 bit Build 26100 (10.0.26100.7705)
OS uptime: 1 days 7:48 hours
Hyper-V role detected

CPU: total 16 (initial active 16) (16 cores per cpu, 2 threads per core) family 23 model 96 stepping 1 microcode 0x8600104, cx8, cmov, fxsr, ht, mmx, 3dnowpref, sse, sse2, sse3, ssse3, sse4a, sse4.1, sse4.2, popcnt, lzcnt, tsc, tscinvbit, avx, avx2, aes, clmul, bmi1, bmi2, adx, sha, fma, vzeroupper, clflush, clflushopt, hv, rdtscp, rdpid, f16c
Processor Information for the first 16 processors :
  Max Mhz: 3000, Current Mhz: 3000, Mhz Limit: 3000

Memory: 4k page, system-wide physical 15789M (747M free)
TotalPageFile size 42737M (AvailPageFile size 128M)
current process WorkingSet (physical memory assigned to process): 342M, peak: 348M
current process commit charge ("private bytes"): 449M, peak: 454M

vm_info: OpenJDK 64-Bit Server VM (21.0.10+7-LTS) for windows-amd64 JRE (21.0.10+7-LTS), built on 2026-01-20T00:00:00Z by "admin" with MS VC++ 17.12 (VS2022)

END.
